136 86
162.0 88.88888888888889
161.0 88.77777777777777
160.0 88.66666666666667
159.0 88.55555555555556
158.0 88.44444444444444
157.0 88.33333333333333
156.0 88.22222222222223
155.0 88.11111111111111
154.0 88.0
153.0 87.88888888888889
152.0 87.77777777777777
151.0 87.66666666666667
150.0 87.55555555555556
149.0 87.44444444444444
148.0 87.33333333333333
147.0 87.22222222222223
146.0 87.11111111111111
145.0 87.0
144.0 86.88888888888889
143.0 86.77777777777777
142.0 86.66666666666667
141.0 86.55555555555556
140.0 86.44444444444444
139.0 86.33333333333333
138.0 86.22222222222223
137.0 86.11111111111111
117 93
135.05 86.35
134.1 86.7
133.15 87.05
132.2 87.4
131.25 87.75
130.3 88.1
129.35 88.45
128.4 88.8
127.45 89.15
126.5 89.5
125.55 89.85
124.6 90.2
123.65 90.55
122.7 90.9
121.75 91.25
120.8 91.6
119.85 91.95
118.9 92.3
117.95 92.65
103 100
116.06666666666666 93.46666666666667
115.13333333333334 93.93333333333334
114.2 94.4
113.26666666666667 94.86666666666666
112.33333333333333 95.33333333333333
111.4 95.8
110.46666666666667 96.26666666666667
109.53333333333333 96.73333333333333
108.6 97.2
107.66666666666667 97.66666666666667
106.73333333333333 98.13333333333334
105.8 98.6
104.86666666666667 99.06666666666666
103.93333333333334 99.53333333333333
90 110
102.1875 100.625
101.375 101.25
100.5625 101.875
99.75 102.5
98.9375 103.125
98.125 103.75
97.3125 104.375
96.5 105.0
95.6875 105.625
94.875 106.25
94.0625 106.875
93.25 107.5
92.4375 108.125
91.625 108.75
90.8125 109.375
82 119
89.33333333333333 110.75
88.66666666666667 111.5
88.0 112.25
87.33333333333333 113.0
86.66666666666667 113.75
86.0 114.5
85.33333333333333 115.25
84.66666666666667 116.0
84.0 116.75
83.33333333333333 117.5
82.66666666666667 118.25
74 127
81.27272727272727 119.72727272727273
80.54545454545455 120.45454545454545
79.81818181818181 121.18181818181819
79.0909090909091 121.9090909090909
78.36363636363636 122.63636363636364
77.63636363636364 123.36363636363636
76.9090909090909 124.0909090909091
76.18181818181819 124.81818181818181
75.45454545454545 125.54545454545455
74.72727272727272 126.27272727272728
65 138
73.35714285714286 127.78571428571429
72.71428571428571 128.57142857142858
72.07142857142857 129.35714285714286
71.42857142857143 130.14285714285714
70.78571428571429 130.92857142857142
70.14285714285714 131.71428571428572
69.5 132.5
68.85714285714286 133.28571428571428
68.21428571428571 134.07142857142858
67.57142857142857 134.85714285714286
66.92857142857143 135.64285714285714
66.28571428571428 136.42857142857142
65.64285714285714 137.21428571428572
66 152
65.07142857142857 139.0
65.14285714285714 140.0
65.21428571428571 141.0
65.28571428571429 142.0
65.35714285714286 143.0
65.42857142857143 144.0
65.5 145.0
65.57142857142857 146.0
65.64285714285714 147.0
65.71428571428571 148.0
65.78571428571429 149.0
65.85714285714286 150.0
65.92857142857143 151.0
62 164
65.66666666666667 153.0
65.33333333333333 154.0
65.0 155.0
64.66666666666667 156.0
64.33333333333333 157.0
64.0 158.0
63.666666666666664 159.0
63.333333333333336 160.0
63.0 161.0
62.666666666666664 162.0
62.333333333333336 163.0
58 180
61.75 165.0
61.5 166.0
61.25 167.0
61.0 168.0
60.75 169.0
60.5 170.0
60.25 171.0
60.0 172.0
59.75 173.0
59.5 174.0
59.25 175.0
59.0 176.0
58.75 177.0
58.5 178.0
58.25 179.0
57 190
57.9 181.0
57.8 182.0
57.7 183.0
57.6 184.0
57.5 185.0
57.4 186.0
57.3 187.0
57.2 188.0
57.1 189.0
65 206
57.470588235294116 190.94117647058823
57.94117647058823 191.88235294117646
58.411764705882355 192.8235294117647
58.88235294117647 193.76470588235293
59.35294117647059 194.7058823529412
59.8235294117647 195.64705882352942
60.294117647058826 196.58823529411765
60.76470588235294 197.52941176470588
61.23529411764706 198.47058823529412
61.705882352941174 199.41176470588235
62.1764705882353 200.35294117647058
62.64705882352941 201.2941176470588
63.11764705882353 202.23529411764707
63.588235294117645 203.1764705882353
64.05882352941177 204.11764705882354
64.52941176470588 205.05882352941177
67 218
65.16666666666667 207.0
65.33333333333333 208.0
65.5 209.0
65.66666666666667 210.0
65.83333333333333 211.0
66.0 212.0
66.16666666666667 213.0
66.33333333333333 214.0
66.5 215.0
66.66666666666667 216.0
66.83333333333333 217.0
74 228
67.58333333333333 218.83333333333334
68.16666666666667 219.66666666666666
68.75 220.5
69.33333333333333 221.33333333333334
69.91666666666667 222.16666666666666
70.5 223.0
71.08333333333333 223.83333333333334
71.66666666666667 224.66666666666666
72.25 225.5
72.83333333333333 226.33333333333334
73.41666666666667 227.16666666666666
74 242
74.0 229.0
74.0 230.0
74.0 231.0
74.0 232.0
74.0 233.0
74.0 234.0
74.0 235.0
74.0 236.0
74.0 237.0
74.0 238.0
74.0 239.0
74.0 240.0
74.0 241.0
84 248
74.9090909090909 242.54545454545453
75.81818181818181 243.0909090909091
76.72727272727273 243.63636363636363
77.63636363636364 244.1818181818182
78.54545454545455 244.72727272727272
79.45454545454545 245.27272727272728
80.36363636363636 245.8181818181818
81.27272727272727 246.36363636363637
82.18181818181819 246.9090909090909
83.0909090909091 247.45454545454547
87 262
84.21428571428571 249.0
84.42857142857143 250.0
84.64285714285714 251.0
84.85714285714286 252.0
85.07142857142857 253.0
85.28571428571429 254.0
85.5 255.0
85.71428571428571 256.0
85.92857142857143 257.0
86.14285714285714 258.0
86.35714285714286 259.0
86.57142857142857 260.0
86.78571428571429 261.0
94 276
87.46666666666667 262.93333333333334
87.93333333333334 263.8666666666667
88.4 264.8
88.86666666666666 265.73333333333335
89.33333333333333 266.6666666666667
89.8 267.6
90.26666666666667 268.53333333333336
90.73333333333333 269.46666666666664
91.2 270.4
91.66666666666667 271.3333333333333
92.13333333333334 272.26666666666665
92.6 273.2
93.06666666666666 274.1333333333333
93.53333333333333 275.06666666666666
103 288
94.6 276.8
95.2 277.6
95.8 278.4
96.4 279.2
97.0 280.0
97.6 280.8
98.2 281.6
98.8 282.4
99.4 283.2
100.0 284.0
100.6 284.8
101.2 285.6
101.8 286.4
102.4 287.2
109 295
103.66666666666667 288.77777777777777
104.33333333333333 289.55555555555554
105.0 290.3333333333333
105.66666666666667 291.1111111111111
106.33333333333333 291.8888888888889
107.0 292.6666666666667
107.66666666666667 293.44444444444446
108.33333333333333 294.22222222222223
117 307
109.57142857142857 295.85714285714283
110.14285714285714 296.7142857142857
110.71428571428571 297.57142857142856
111.28571428571429 298.42857142857144
111.85714285714286 299.2857142857143
112.42857142857143 300.14285714285717
113.0 301.0
113.57142857142857 301.85714285714283
114.14285714285714 302.7142857142857
114.71428571428571 303.57142857142856
115.28571428571429 304.42857142857144
115.85714285714286 305.2857142857143
116.42857142857143 306.14285714285717
130 311
118.0 307.3076923076923
119.0 307.61538461538464
120.0 307.9230769230769
121.0 308.2307692307692
122.0 308.53846153846155
123.0 308.84615384615387
124.0 309.15384615384613
125.0 309.46153846153845
126.0 309.7692307692308
127.0 310.0769230769231
128.0 310.38461538461536
129.0 310.6923076923077
139 315
131.0 311.44444444444446
132.0 311.8888888888889
133.0 312.3333333333333
134.0 312.77777777777777
135.0 313.22222222222223
136.0 313.6666666666667
137.0 314.1111111111111
138.0 314.55555555555554
156 310
140.0 314.70588235294116
141.0 314.4117647058824
142.0 314.11764705882354
143.0 313.8235294117647
144.0 313.52941176470586
145.0 313.2352941176471
146.0 312.94117647058823
147.0 312.6470588235294
148.0 312.3529411764706
149.0 312.05882352941177
150.0 311.7647058823529
151.0 311.47058823529414
152.0 311.1764705882353
153.0 310.88235294117646
154.0 310.5882352941176
155.0 310.29411764705884
168 300
156.8 309.3333333333333
157.6 308.6666666666667
158.4 308.0
159.2 307.3333333333333
160.0 306.6666666666667
160.8 306.0
161.6 305.3333333333333
162.4 304.6666666666667
163.2 304.0
164.0 303.3333333333333
164.8 302.6666666666667
165.6 302.0
166.4 301.3333333333333
167.2 300.6666666666667
183 287
168.78947368421052 299.3157894736842
169.57894736842104 298.63157894736844
170.3684210526316 297.94736842105266
171.1578947368421 297.2631578947368
171.94736842105263 296.57894736842104
172.73684210526315 295.89473684210526
173.52631578947367 295.2105263157895
174.31578947368422 294.5263157894737
175.10526315789474 293.8421052631579
175.89473684210526 293.1578947368421
176.68421052631578 292.4736842105263
177.4736842105263 291.7894736842105
178.26315789473685 291.10526315789474
179.05263157894737 290.42105263157896
179.8421052631579 289.7368421052632
180.6315789473684 289.05263157894734
181.42105263157896 288.36842105263156
182.21052631578948 287.6842105263158
195 273
183.66666666666666 286.22222222222223
184.33333333333334 285.44444444444446
185.0 284.6666666666667
185.66666666666666 283.8888888888889
186.33333333333334 283.1111111111111
187.0 282.3333333333333
187.66666666666666 281.55555555555554
188.33333333333334 280.77777777777777
189.0 280.0
189.66666666666666 279.22222222222223
190.33333333333334 278.44444444444446
191.0 277.6666666666667
191.66666666666666 276.8888888888889
192.33333333333334 276.1111111111111
193.0 275.3333333333333
193.66666666666666 274.55555555555554
194.33333333333334 273.77777777777777
204 261
195.6 272.2
196.2 271.4
196.8 270.6
197.4 269.8
198.0 269.0
198.6 268.2
199.2 267.4
199.8 266.6
200.4 265.8
201.0 265.0
201.6 264.2
202.2 263.4
202.8 262.6
203.4 261.8
165 264
203.0 261.0769230769231
202.0 261.15384615384613
201.0 261.2307692307692
200.0 261.3076923076923
199.0 261.38461538461536
198.0 261.46153846153845
197.0 261.53846153846155
196.0 261.61538461538464
195.0 261.6923076923077
194.0 261.7692307692308
193.0 261.84615384615387
192.0 261.9230769230769
191.0 262.0
190.0 262.0769230769231
189.0 262.15384615384613
188.0 262.2307692307692
187.0 262.3076923076923
186.0 262.38461538461536
185.0 262.46153846153845
184.0 262.53846153846155
183.0 262.61538461538464
182.0 262.6923076923077
181.0 262.7692307692308
180.0 262.84615384615387
179.0 262.9230769230769
178.0 263.0
177.0 263.0769230769231
176.0 263.15384615384613
175.0 263.2307692307692
174.0 263.3076923076923
173.0 263.38461538461536
172.0 263.46153846153845
171.0 263.53846153846155
170.0 263.61538461538464
169.0 263.6923076923077
168.0 263.7692307692308
167.0 263.84615384615387
166.0 263.9230769230769
156 283
164.57142857142858 264.9047619047619
164.14285714285714 265.8095238095238
163.71428571428572 266.7142857142857
163.28571428571428 267.6190476190476
162.85714285714286 268.5238095238095
162.42857142857142 269.42857142857144
162.0 270.3333333333333
161.57142857142858 271.23809523809524
161.14285714285714 272.14285714285717
160.71428571428572 273.04761904761904
160.28571428571428 273.95238095238096
159.85714285714286 274.85714285714283
159.42857142857142 275.76190476190476
159.0 276.6666666666667
158.57142857142858 277.57142857142856
158.14285714285714 278.4761904761905
157.71428571428572 279.3809523809524
157.28571428571428 280.2857142857143
156.85714285714286 281.1904761904762
156.42857142857142 282.0952380952381
139 286
155.0 283.1764705882353
154.0 283.3529411764706
153.0 283.52941176470586
152.0 283.70588235294116
151.0 283.88235294117646
150.0 284.05882352941177
149.0 284.2352941176471
148.0 284.4117647058824
147.0 284.5882352941176
146.0 284.7647058823529
145.0 284.94117647058823
144.0 285.11764705882354
143.0 285.29411764705884
142.0 285.47058823529414
141.0 285.6470588235294
140.0 285.8235294117647
121 282
138.0 285.77777777777777
137.0 285.55555555555554
136.0 285.3333333333333
135.0 285.1111111111111
134.0 284.8888888888889
133.0 284.6666666666667
132.0 284.44444444444446
131.0 284.22222222222223
130.0 284.0
129.0 283.77777777777777
128.0 283.55555555555554
127.0 283.3333333333333
126.0 283.1111111111111
125.0 282.8888888888889
124.0 282.6666666666667
123.0 282.44444444444446
122.0 282.22222222222223
115 268
120.6 281.06666666666666
120.2 280.1333333333333
119.8 279.2
119.4 278.26666666666665
119.0 277.3333333333333
118.6 276.4
118.2 275.46666666666664
117.8 274.53333333333336
117.4 273.6
117.0 272.6666666666667
116.6 271.73333333333335
116.2 270.8
115.8 269.8666666666667
115.4 268.93333333333334
136 272
116.0 268.1904761904762
117.0 268.3809523809524
118.0 268.57142857142856
119.0 268.76190476190476
120.0 268.95238095238096
121.0 269.14285714285717
122.0 269.3333333333333
123.0 269.5238095238095
124.0 269.7142857142857
125.0 269.9047619047619
126.0 270.0952380952381
127.0 270.2857142857143
128.0 270.4761904761905
129.0 270.6666666666667
130.0 270.85714285714283
131.0 271.04761904761904
132.0 271.23809523809524
133.0 271.42857142857144
134.0 271.6190476190476
135.0 271.8095238095238
158 268
137.0 271.8181818181818
138.0 271.6363636363636
139.0 271.45454545454544
140.0 271.27272727272725
141.0 271.09090909090907
142.0 270.90909090909093
143.0 270.72727272727275
144.0 270.54545454545456
145.0 270.3636363636364
146.0 270.1818181818182
147.0 270.0
148.0 269.8181818181818
149.0 269.6363636363636
150.0 269.45454545454544
151.0 269.27272727272725
152.0 269.09090909090907
153.0 268.90909090909093
154.0 268.72727272727275
155.0 268.54545454545456
156.0 268.3636363636364
157.0 268.1818181818182
154 242
157.84615384615384 267.0
157.69230769230768 266.0
157.53846153846155 265.0
157.3846153846154 264.0
157.23076923076923 263.0
157.07692307692307 262.0
156.92307692307693 261.0
156.76923076923077 260.0
156.6153846153846 259.0
156.46153846153845 258.0
156.30769230769232 257.0
156.15384615384616 256.0
156.0 255.0
155.84615384615384 254.0
155.69230769230768 253.0
155.53846153846155 252.0
155.3846153846154 251.0
155.23076923076923 250.0
155.07692307692307 249.0
154.92307692307693 248.0
154.76923076923077 247.0
154.6153846153846 246.0
154.46153846153845 245.0
154.30769230769232 244.0
154.15384615384616 243.0
152 254
153.83333333333334 243.0
153.66666666666666 244.0
153.5 245.0
153.33333333333334 246.0
153.16666666666666 247.0
153.0 248.0
152.83333333333334 249.0
152.66666666666666 250.0
152.5 251.0
152.33333333333334 252.0
152.16666666666666 253.0
135 267
151.1904761904762 254.61904761904762
150.38095238095238 255.23809523809524
149.57142857142858 255.85714285714286
148.76190476190476 256.4761904761905
147.95238095238096 257.0952380952381
147.14285714285714 257.7142857142857
146.33333333333334 258.3333333333333
145.52380952380952 258.95238095238096
144.71428571428572 259.57142857142856
143.9047619047619 260.1904761904762
143.0952380952381 260.8095238095238
142.28571428571428 261.42857142857144
141.47619047619048 262.04761904761904
140.66666666666666 262.6666666666667
139.85714285714286 263.2857142857143
139.04761904761904 263.9047619047619
138.23809523809524 264.5238095238095
137.42857142857142 265.14285714285717
136.61904761904762 265.76190476190476
135.8095238095238 266.3809523809524
119 257
134.11111111111111 266.44444444444446
133.22222222222223 265.8888888888889
132.33333333333334 265.3333333333333
131.44444444444446 264.77777777777777
130.55555555555554 264.22222222222223
129.66666666666666 263.6666666666667
128.77777777777777 263.1111111111111
127.88888888888889 262.55555555555554
127.0 262.0
126.11111111111111 261.44444444444446
125.22222222222223 260.8888888888889
124.33333333333333 260.3333333333333
123.44444444444444 259.77777777777777
122.55555555555556 259.22222222222223
121.66666666666667 258.6666666666667
120.77777777777777 258.1111111111111
119.88888888888889 257.55555555555554
121 245
119.16666666666667 256.0
119.33333333333333 255.0
119.5 254.0
119.66666666666667 253.0
119.83333333333333 252.0
120.0 251.0
120.16666666666667 250.0
120.33333333333333 249.0
120.5 248.0
120.66666666666667 247.0
120.83333333333333 246.0
125 244
122.0 244.75
123.0 244.5
124.0 244.25
130 225
125.26315789473684 243.0
125.52631578947368 242.0
125.78947368421052 241.0
126.05263157894737 240.0
126.3157894736842 239.0
126.57894736842105 238.0
126.84210526315789 237.0
127.10526315789474 236.0
127.36842105263158 235.0
127.63157894736842 234.0
127.89473684210526 233.0
128.1578947368421 232.0
128.42105263157896 231.0
128.68421052631578 230.0
128.94736842105263 229.0
129.21052631578948 228.0
129.47368421052633 227.0
129.73684210526315 226.0
95 231
129.0 225.17142857142858
128.0 225.34285714285716
127.0 225.5142857142857
126.0 225.68571428571428
125.0 225.85714285714286
124.0 226.02857142857144
123.0 226.2
122.0 226.37142857142857
121.0 226.54285714285714
120.0 226.71428571428572
119.0 226.88571428571427
118.0 227.05714285714285
117.0 227.22857142857143
116.0 227.4
115.0 227.57142857142858
114.0 227.74285714285713
113.0 227.9142857142857
112.0 228.0857142857143
111.0 228.25714285714287
110.0 228.42857142857142
109.0 228.6
108.0 228.77142857142857
107.0 228.94285714285715
106.0 229.1142857142857
105.0 229.28571428571428
104.0 229.45714285714286
103.0 229.62857142857143
102.0 229.8
101.0 229.97142857142856
100.0 230.14285714285714
99.0 230.31428571428572
98.0 230.4857142857143
97.0 230.65714285714284
96.0 230.82857142857142
94 216
94.93333333333334 230.0
94.86666666666666 229.0
94.8 228.0
94.73333333333333 227.0
94.66666666666667 226.0
94.6 225.0
94.53333333333333 224.0
94.46666666666667 223.0
94.4 222.0
94.33333333333333 221.0
94.26666666666667 220.0
94.2 219.0
94.13333333333334 218.0
94.06666666666666 217.0
119 213
95.0 215.88
96.0 215.76
97.0 215.64
98.0 215.52
99.0 215.4
100.0 215.28
101.0 215.16
102.0 215.04
103.0 214.92
104.0 214.8
105.0 214.68
106.0 214.56
107.0 214.44
108.0 214.32
109.0 214.2
110.0 214.08
111.0 213.96
112.0 213.84
113.0 213.72
114.0 213.6
115.0 213.48
116.0 213.36
117.0 213.24
118.0 213.12
87 207
118.0 212.8125
117.0 212.625
116.0 212.4375
115.0 212.25
114.0 212.0625
113.0 211.875
112.0 211.6875
111.0 211.5
110.0 211.3125
109.0 211.125
108.0 210.9375
107.0 210.75
106.0 210.5625
105.0 210.375
104.0 210.1875
103.0 210.0
102.0 209.8125
101.0 209.625
100.0 209.4375
99.0 209.25
98.0 209.0625
97.0 208.875
96.0 208.6875
95.0 208.5
94.0 208.3125
93.0 208.125
92.0 207.9375
91.0 207.75
90.0 207.5625
89.0 207.375
88.0 207.1875
104 202
88.0 206.7058823529412
89.0 206.41176470588235
90.0 206.11764705882354
91.0 205.8235294117647
92.0 205.52941176470588
93.0 205.23529411764707
94.0 204.94117647058823
95.0 204.64705882352942
96.0 204.35294117647058
97.0 204.05882352941177
98.0 203.76470588235293
99.0 203.47058823529412
100.0 203.1764705882353
101.0 202.88235294117646
102.0 202.58823529411765
103.0 202.2941176470588
110 178
104.25 201.0
104.5 200.0
104.75 199.0
105.0 198.0
105.25 197.0
105.5 196.0
105.75 195.0
106.0 194.0
106.25 193.0
106.5 192.0
106.75 191.0
107.0 190.0
107.25 189.0
107.5 188.0
107.75 187.0
108.0 186.0
108.25 185.0
108.5 184.0
108.75 183.0
109.0 182.0
109.25 181.0
109.5 180.0
109.75 179.0
132 180
111.0 178.0909090909091
112.0 178.1818181818182
113.0 178.27272727272728
114.0 178.36363636363637
115.0 178.45454545454547
116.0 178.54545454545453
117.0 178.63636363636363
118.0 178.72727272727272
119.0 178.8181818181818
120.0 178.9090909090909
121.0 179.0
122.0 179.0909090909091
123.0 179.1818181818182
124.0 179.27272727272728
125.0 179.36363636363637
126.0 179.45454545454547
127.0 179.54545454545453
128.0 179.63636363636363
129.0 179.72727272727272
130.0 179.8181818181818
131.0 179.9090909090909
158 159
132.78787878787878 179.36363636363637
133.57575757575756 178.72727272727272
134.36363636363637 178.0909090909091
135.15151515151516 177.45454545454547
135.93939393939394 176.8181818181818
136.72727272727272 176.1818181818182
137.5151515151515 175.54545454545453
138.3030303030303 174.9090909090909
139.0909090909091 174.27272727272728
139.87878787878788 173.63636363636363
140.66666666666666 173.0
141.45454545454544 172.36363636363637
142.24242424242425 171.72727272727272
143.03030303030303 171.0909090909091
143.8181818181818 170.45454545454547
144.6060606060606 169.8181818181818
145.3939393939394 169.1818181818182
146.1818181818182 168.54545454545453
146.96969696969697 167.9090909090909
147.75757575757575 167.27272727272728
148.54545454545453 166.63636363636363
149.33333333333334 166.0
150.12121212121212 165.36363636363637
150.9090909090909 164.72727272727272
151.6969696969697 164.0909090909091
152.4848484848485 163.45454545454544
153.27272727272728 162.8181818181818
154.06060606060606 162.1818181818182
154.84848484848484 161.54545454545456
155.63636363636363 160.9090909090909
156.42424242424244 160.27272727272728
157.21212121212122 159.63636363636363
163 139
158.25 158.0
158.5 157.0
158.75 156.0
159.0 155.0
159.25 154.0
159.5 153.0
159.75 152.0
160.0 151.0
160.25 150.0
160.5 149.0
160.75 148.0
161.0 147.0
161.25 146.0
161.5 145.0
161.75 144.0
162.0 143.0
162.25 142.0
162.5 141.0
162.75 140.0
185 136
164.0 138.86363636363637
165.0 138.72727272727272
166.0 138.5909090909091
167.0 138.45454545454547
168.0 138.3181818181818
169.0 138.1818181818182
170.0 138.04545454545453
171.0 137.9090909090909
172.0 137.77272727272728
173.0 137.63636363636363
174.0 137.5
175.0 137.36363636363637
176.0 137.22727272727272
177.0 137.0909090909091
178.0 136.95454545454547
179.0 136.8181818181818
180.0 136.6818181818182
181.0 136.54545454545453
182.0 136.4090909090909
183.0 136.27272727272728
184.0 136.13636363636363
196 159
185.44 136.92
185.88 137.84
186.32 138.76
186.76 139.68
187.2 140.6
187.64 141.52
188.08 142.44
188.52 143.36
188.96 144.28
189.4 145.2
189.84 146.12
190.28 147.04
190.72 147.96
191.16 148.88
191.6 149.8
192.04 150.72
192.48 151.64
192.92 152.56
193.36 153.48
193.8 154.4
194.24 155.32
194.68 156.24
195.12 157.16
195.56 158.08
204 172
196.53333333333333 159.86666666666667
197.06666666666666 160.73333333333332
197.6 161.6
198.13333333333333 162.46666666666667
198.66666666666666 163.33333333333334
199.2 164.2
199.73333333333332 165.06666666666666
200.26666666666668 165.93333333333334
200.8 166.8
201.33333333333334 167.66666666666666
201.86666666666667 168.53333333333333
202.4 169.4
202.93333333333334 170.26666666666668
203.46666666666667 171.13333333333333
202 197
203.92 173.0
203.84 174.0
203.76 175.0
203.68 176.0
203.6 177.0
203.52 178.0
203.44 179.0
203.36 180.0
203.28 181.0
203.2 182.0
203.12 183.0
203.04 184.0
202.96 185.0
202.88 186.0
202.8 187.0
202.72 188.0
202.64 189.0
202.56 190.0
202.48 191.0
202.4 192.0
202.32 193.0
202.24 194.0
202.16 195.0
202.08 196.0
202 203
202.0 198.0
202.0 199.0
202.0 200.0
202.0 201.0
202.0 202.0
181 201
201.0 202.9047619047619
200.0 202.8095238095238
199.0 202.71428571428572
198.0 202.61904761904762
197.0 202.52380952380952
196.0 202.42857142857142
195.0 202.33333333333334
194.0 202.23809523809524
193.0 202.14285714285714
192.0 202.04761904761904
191.0 201.95238095238096
190.0 201.85714285714286
189.0 201.76190476190476
188.0 201.66666666666666
187.0 201.57142857142858
186.0 201.47619047619048
185.0 201.38095238095238
184.0 201.28571428571428
183.0 201.1904761904762
182.0 201.0952380952381
149 205
180.0 201.125
179.0 201.25
178.0 201.375
177.0 201.5
176.0 201.625
175.0 201.75
174.0 201.875
173.0 202.0
172.0 202.125
171.0 202.25
170.0 202.375
169.0 202.5
168.0 202.625
167.0 202.75
166.0 202.875
165.0 203.0
164.0 203.125
163.0 203.25
162.0 203.375
161.0 203.5
160.0 203.625
159.0 203.75
158.0 203.875
157.0 204.0
156.0 204.125
155.0 204.25
154.0 204.375
153.0 204.5
152.0 204.625
151.0 204.75
150.0 204.875
150 218
149.07692307692307 206.0
149.15384615384616 207.0
149.23076923076923 208.0
149.30769230769232 209.0
149.3846153846154 210.0
149.46153846153845 211.0
149.53846153846155 212.0
149.6153846153846 213.0
149.69230769230768 214.0
149.76923076923077 215.0
149.84615384615384 216.0
149.92307692307693 217.0
178 216
151.0 217.92857142857142
152.0 217.85714285714286
153.0 217.78571428571428
154.0 217.71428571428572
155.0 217.64285714285714
156.0 217.57142857142858
157.0 217.5
158.0 217.42857142857142
159.0 217.35714285714286
160.0 217.28571428571428
161.0 217.21428571428572
162.0 217.14285714285714
163.0 217.07142857142858
164.0 217.0
165.0 216.92857142857142
166.0 216.85714285714286
167.0 216.78571428571428
168.0 216.71428571428572
169.0 216.64285714285714
170.0 216.57142857142858
171.0 216.5
172.0 216.42857142857142
173.0 216.35714285714286
174.0 216.28571428571428
175.0 216.21428571428572
176.0 216.14285714285714
177.0 216.07142857142858
208 223
179.0 216.23333333333332
180.0 216.46666666666667
181.0 216.7
182.0 216.93333333333334
183.0 217.16666666666666
184.0 217.4
185.0 217.63333333333333
186.0 217.86666666666667
187.0 218.1
188.0 218.33333333333334
189.0 218.56666666666666
190.0 218.8
191.0 219.03333333333333
192.0 219.26666666666668
193.0 219.5
194.0 219.73333333333332
195.0 219.96666666666667
196.0 220.2
197.0 220.43333333333334
198.0 220.66666666666666
199.0 220.9
200.0 221.13333333333333
201.0 221.36666666666667
202.0 221.6
203.0 221.83333333333334
204.0 222.06666666666666
205.0 222.3
206.0 222.53333333333333
207.0 222.76666666666668
204 237
207.71428571428572 224.0
207.42857142857142 225.0
207.14285714285714 226.0
206.85714285714286 227.0
206.57142857142858 228.0
206.28571428571428 229.0
206.0 230.0
205.71428571428572 231.0
205.42857142857142 232.0
205.14285714285714 233.0
204.85714285714286 234.0
204.57142857142858 235.0
204.28571428571428 236.0
220 236
205.0 236.9375
206.0 236.875
207.0 236.8125
208.0 236.75
209.0 236.6875
210.0 236.625
211.0 236.5625
212.0 236.5
213.0 236.4375
214.0 236.375
215.0 236.3125
216.0 236.25
217.0 236.1875
218.0 236.125
219.0 236.0625
232 207
220.38709677419354 235.06451612903226
220.7741935483871 234.1290322580645
221.16129032258064 233.19354838709677
221.5483870967742 232.25806451612902
221.93548387096774 231.32258064516128
222.32258064516128 230.38709677419354
222.70967741935485 229.4516129032258
223.09677419354838 228.51612903225808
223.48387096774192 227.58064516129033
223.8709677419355 226.6451612903226
224.25806451612902 225.70967741935485
224.6451612903226 224.7741935483871
225.03225806451613 223.83870967741936
225.41935483870967 222.90322580645162
225.80645161290323 221.96774193548387
226.19354838709677 221.03225806451613
226.58064516129033 220.09677419354838
226.96774193548387 219.16129032258064
227.3548387096774 218.2258064516129
227.74193548387098 217.29032258064515
228.1290322580645 216.3548387096774
228.51612903225805 215.4193548387097
228.90322580645162 214.48387096774195
229.29032258064515 213.5483870967742
229.67741935483872 212.61290322580646
230.06451612903226 211.67741935483872
230.4516129032258 210.74193548387098
230.83870967741936 209.80645161290323
231.2258064516129 208.8709677419355
231.61290322580646 207.93548387096774
227 188
231.73684210526315 206.0
231.47368421052633 205.0
231.21052631578948 204.0
230.94736842105263 203.0
230.68421052631578 202.0
230.42105263157896 201.0
230.1578947368421 200.0
229.89473684210526 199.0
229.6315789473684 198.0
229.3684210526316 197.0
229.10526315789474 196.0
228.8421052631579 195.0
228.57894736842104 194.0
228.31578947368422 193.0
228.05263157894737 192.0
227.78947368421052 191.0
227.52631578947367 190.0
227.26315789473685 189.0
227 164
227.0 187.0
227.0 186.0
227.0 185.0
227.0 184.0
227.0 183.0
227.0 182.0
227.0 181.0
227.0 180.0
227.0 179.0
227.0 178.0
227.0 177.0
227.0 176.0
227.0 175.0
227.0 174.0
227.0 173.0
227.0 172.0
227.0 171.0
227.0 170.0
227.0 169.0
227.0 168.0
227.0 167.0
227.0 166.0
227.0 165.0
220 145
226.65 163.05
226.3 162.1
225.95 161.15
225.6 160.2
225.25 159.25
224.9 158.3
224.55 157.35
224.2 156.4
223.85 155.45
223.5 154.5
223.15 153.55
222.8 152.6
222.45 151.65
222.1 150.7
221.75 149.75
221.4 148.8
221.05 147.85
220.7 146.9
220.35 145.95
216 128
219.76470588235293 144.0
219.52941176470588 143.0
219.2941176470588 142.0
219.05882352941177 141.0
218.8235294117647 140.0
218.58823529411765 139.0
218.35294117647058 138.0
218.11764705882354 137.0
217.88235294117646 136.0
217.64705882352942 135.0
217.41176470588235 134.0
217.1764705882353 133.0
216.94117647058823 132.0
216.7058823529412 131.0
216.47058823529412 130.0
216.23529411764707 129.0
207 116
215.4 127.2
214.8 126.4
214.2 125.6
213.6 124.8
213.0 124.0
212.4 123.2
211.8 122.4
211.2 121.6
210.6 120.8
210.0 120.0
209.4 119.2
208.8 118.4
208.2 117.6
207.6 116.8
197 110
206.0909090909091 115.45454545454545
205.1818181818182 114.9090909090909
204.27272727272728 114.36363636363636
203.36363636363637 113.81818181818181
202.45454545454547 113.27272727272727
201.54545454545453 112.72727272727273
200.63636363636363 112.18181818181819
199.72727272727272 111.63636363636364
198.8181818181818 111.0909090909091
197.9090909090909 110.54545454545455
187 100
196.28571428571428 109.28571428571429
195.57142857142858 108.57142857142857
194.85714285714286 107.85714285714286
194.14285714285714 107.14285714285714
193.42857142857142 106.42857142857143
192.71428571428572 105.71428571428571
192.0 105.0
191.28571428571428 104.28571428571429
190.57142857142858 103.57142857142857
189.85714285714286 102.85714285714286
189.14285714285714 102.14285714285714
188.42857142857142 101.42857142857143
187.71428571428572 100.71428571428571
175 94
186.07692307692307 99.53846153846153
185.15384615384616 99.07692307692308
184.23076923076923 98.61538461538461
183.30769230769232 98.15384615384616
182.3846153846154 97.6923076923077
181.46153846153845 97.23076923076923
180.53846153846155 96.76923076923077
179.6153846153846 96.3076923076923
178.69230769230768 95.84615384615384
177.76923076923077 95.38461538461539
176.84615384615384 94.92307692307692
175.92307692307693 94.46153846153847
163 89
174.07692307692307 93.61538461538461
173.15384615384616 93.23076923076923
172.23076923076923 92.84615384615384
171.30769230769232 92.46153846153847
170.3846153846154 92.07692307692308
169.46153846153845 91.6923076923077
168.53846153846155 91.3076923076923
167.6153846153846 90.92307692307692
166.69230769230768 90.53846153846153
165.76923076923077 90.15384615384616
164.84615384615384 89.76923076923077
163.92307692307693 89.38461538461539
