254.282930589666 5.324738523341195
25.81758392232487 0.2872535720801672
41.08041271328925 1.9534377567221213
21.797799708572896 3.386130033613063
42.12478026628589 1.3782755196767726
9.155274634168109 1.4103050646555106
28.831077810535728 0.9611158348419591
6.10174328240375 5.725818325182416
9.71484748852097 0.9844959927505122
5.893983796197856 3.3805311911009728
9.063702548013955 3.4721544900287595
2.7042802598287485 1.0898269330993429
3.8925668474907575 1.8476744816894388
5.717964129704861 0.6312417754394026
3.99951189965663 5.914305060408271
4.643834026205272 4.219700772172187
2.8763341851288717 4.663875405390376
1.9377707269096478 4.906713077883164
2.3267615704432134 1.5993689182526842
3.4929381091067166 2.2293140304837897
0.693848990844075 2.193039216530558
0.7213941114743081 6.169750424154529
0.8016621904317018 4.169775141796322
0.5752024524055227 0.1460409674255751
1.6256692648722155 6.260608145974987
0.6475049666229652 3.343044951928128
1.657578589154829 2.4145434158013734
0.9179593739828568 0.09963567636481169
0.48434616936858854 5.329718133880053
1.3178827066200527 3.682347623664776
1.8095930214057359 3.694039480941703
0.8908168933660969 1.6199678829416038
1.6348663327754032 0.13603430453205964
0.8973840640959514 4.975109792567295
0.6235263515720546 4.665557942816129
1.2960399515226249 1.800842752794961
0.8814749556701125 1.2195260978808637
1.3087470007303224 4.97951371642323
0.6976261411107504 1.9670865036850456
1.0086252867754881 1.055423522167389
0.8236929389968572 4.486251664962165
0.8670106480749501 4.130891871006367
0.2822815878612086 0.9183127668360181
0.48317057322815443 1.5088155819014635
0.4371555153264843 4.105064712874034
0.29210365465768673 1.033196776413997
0.36985668678747596 0.4264834340944629
0.2998389645097731 3.5707359571071127
0.2016730243577734 3.372766918144974
0.11466802614219805 0.6809219779840266
0.12588898691244732 4.005826776378119
0.23589586166421028 4.7541028272957515
0.2932770431644958 0.9250529086343998
0.15759186461776623 0.7730428195882548
0.3218635525018549 2.682534530153096
0.4889057895091568 4.848725446959143
0.2812683729936266 6.186937361813414
0.25422948073355767 1.816577051809739
0.26754660267661434 2.935478513160304
0.03705700358995963 6.27953380016401
0.28092167990721806 5.392594924444329
0.11872548144431583 3.7755943089921638
0.13316356765784418 2.3741064069374938
0.12496628836115971 0.3231964144163832
0.1617252225866609 4.391847689273979
0.0897991692002143 6.254081538437414
0.1985859495683438 1.4408956321470427
0.23968425476354252 3.233993073579059
0.23744262323495652 3.136606864221407
0.20548059205189467 1.4896239293156137
0.39939635705895915 4.249411385718432
0.09941486592946232 3.791679856341337
0.16964542599189097 6.154155510168113
0.12564694720633818 2.9264612592009094
0.1407492633272265 0.4008292528031154
0.2862526114761335 0.6933902743781953
0.13850387407537065 2.3305890054873566
0.07529272345252143 3.404392183807334
0.0618031113064534 0.1820748820140262
0.2044982222281062 5.587317819329021
0.06071695924795883 4.846181258819559
0.22263292419254563 3.2352223848524178
0.08563939131392792 3.0287005353514904
0.0605898652580857 3.0440715022236176
0.07012804818580155 3.237966084884721
0.22047329310566688 1.6901495309215988
0.15026833378631377 3.708325269269154
0.08564684265251345 0.9241489563388203
0.15447412071080838 5.70529057333916
0.15580400444116815 0.32839799711031703
0.08584070953414925 0.7218873974116612
0.11186722468739362 4.286344536454518
0.10578105215680116 1.0088041136853931
0.11530202388288499 2.8239550258669333
0.18247760234393348 3.3296992829498704
0.18687554816900562 3.6643053556368224
0.13476910014024457 3.694503636735424
0.02721753007119982 2.8073739185904896
0.07559653426057304 4.025003446284279
0.054925626825871 0.9195578360255303
0.21081765684132997 0.292844086588567
0.04568195411554412 5.130608992196279
0.13902402561808863 2.380593617934784
0.1808639633189676 2.1262342660785247
0.0605139540559789 5.618668500854966
0.07895370639458345 1.6202467426405858
0.13195307065964987 1.6647759855606385
0.07710602528649402 5.573311341146434
0.18821050828264302 3.033686842835335
0.07596362566617912 2.941756499010925
0.11725444123463198 4.6251524831500195
0.18593391049012006 4.928957765195074
0.1072863653774007 1.8898779941724928
0.09968063914690653 2.9215725648819504
0.1153666103973578 5.1166374575950915
0.06176942060909891 5.180945644179695
0.0924610106192438 3.0151335909223635
0.08960299993363884 3.2550408906737824
0.05270382899314955 6.154166003719582
0.09603272159226779 3.694767066795374
0.0769828281972494 2.4810053855742455
0.09548214482721465 1.5842090652559515
0.1642211612922517 0.9536748588683815
0.0757823628896272 3.866117108666788
0.03394204597423483 3.307936489370344
0.022741779391699607 2.9870762361326273
0.18631763495653061 1.799116796521532
0.08609994716263762 2.281782381358512
0.018572773775082388 2.626822743262032
0.10366371704001462 2.2563096879195137
0.1998310068467361 3.936826997679327
0.2563884216745195 5.809746665790588
0.09921555707525281 1.828984235383134
0.04094136063542511 5.994207325985427
0.0825468831224513 2.6143403107880028
0.11193076064153211 2.5368994140079573
0.11444016221665332 3.7402616547494127
0.23982328936447683 5.142266992610493
0.07872218671360641 1.615553755498315
0.12621259414478095 5.071731001481213
0.15993360461211586 5.358099008491286
0.051967367975160134 2.5009373799441903
0.0913515233637094 1.0523460836755156
0.011251263894195685 2.5719351118662295
0.04518390745465357 4.472259952144169
0.05211868763008185 3.6605318159459492
0.08358772613009428 1.0467428679910715
0.16170486673848158 1.0257248413690037
0.1264490035833875 0.05221443004283056
0.06776602970847417 6.104996590196904
0.13364497051927726 1.1808609197644002
0.05466530729458998 3.6137339101472166
0.1539643611117401 3.8077660602419705
0.08077739140826104 2.6919464850807073
0.014817362191220314 0.32858860396418527
0.10485483158198228 0.9435869209632817
0.12714785838752676 0.7303266381197336
0.1437933356337288 3.0603581212380293
0.12334889444924832 5.465372057994519
0.06496483190119684 4.042306930497258
0.031319058863069155 3.9033157389487543
0.13862639437942606 1.7236589812605863
0.06751666889438462 2.7570043210658883
0.12101095745394357 1.8193078113106205
0.07360811106774398 4.533151627218208
0.067657852141644 1.1870206630991034
0.01577827182862959 0.9586985616684411
0.1391635072918738 5.340446000915707
0.15241059695342232 3.56085434089677
0.15785921662375021 3.8709398633893835
0.06886804315031562 1.9200049281522196
0.0388250786787672 5.140391820836814
0.10064459382397045 4.49064158487804
0.0457602919874633 2.8709244725635394
0.16886862081063536 3.7120754134609575
0.12881540943742098 3.5150448433873818
0.07116862948541075 5.520736192772679
0.08163322041984673 5.906460163126295
0.12398179765046854 1.0182360978619829
0.15895237603149268 3.0321806503753885
0.04909244725889848 6.047070249962253
0.1451288154803361 4.67572938574722
0.10051209255322839 1.8153009454787328
0.19503542891669942 3.3694143574107223
0.09884606412756591 2.3851035035820836
0.04107020566305932 0.7296651205038276
0.09940724737690454 2.3042323750808307
0.02109587239156509 3.6196845863915486
0.10293711157409074 3.627058685524609
0.11427734530745587 4.91221302365449
0.08263351123346319 6.239900427467651
0.05914932314747863 4.9008140767728205
0.10641321164455779 1.495503773208087
0.16769807140666437 1.2913627305062576
0.1661060648546225 2.159472711210637
0.1651777618768163 2.3058244504821026
0.13144751006103006 2.5342928542866012
0.23406246047834858 2.472916321001692
0.10397284896911485 0.8958368387298464
0.16415516097622468 3.111225512021114
0.09733475851044317 0.12818505163523033
0.13056521761089554 4.166782602850811
0.034259667490625374 4.213921341728295
0.09918165133128129 3.703511430372878
0.2064293193663594 4.292875834115185
0.16190337106178992 2.059289432911538
0.11067382457692251 3.3715259262461665
0.1566799662847906 2.318391322161004
0.3188953801331804 3.0947827808311406
0.15382307739942583 5.912181047722482
0.1169771026197371 0.9963187154537193
0.06733857709661986 3.5782634961091215
0.0775285768112817 2.8495399145038296
0.04894153365741854 3.47193033448052
0.2296822269119433 3.2352912606105653
0.09554636090530023 0.7172190243296862
0.13399002069222227 3.371843925592878
0.05628033296347948 4.702446628391466
0.0525828818736962 5.623074816058449
0.11496811526756705 2.854773351477067
0.051527035896967874 5.2948589744025405
0.0715828148688285 1.0012416329829437
0.09116598596278547 1.8071627334092073
0.08032808008832916 3.2764776892639804
0.06741707874226004 5.59184346790971
0.03943751834282542 1.1467248691640022
0.04858486508253605 1.927362580868459
0.08779695388867442 4.220946954880093
0.06855764914220433 3.0667983010048685
0.060781529842161244 5.929686752935284
0.08466937303120492 4.255234707050478
0.15837901776457847 1.6913928086495809
0.04496450311871892 3.625489886679635
0.07427812726094124 5.12090744142605
0.0957548917625601 2.694317369251699
0.04244500957518929 2.8662332997858257
0.10061958605713993 0.6644371787780539
0.12963621337424022 5.729822950740757
0.011950683370253302 2.8437825915049038
0.051967193633495376 4.283480803227354
0.17364577919655202 3.3292079389042697
0.10508198608572912 1.2549079198635904
0.19250678691450152 5.298710781969732
0.25143428724816214 5.038008237397048
0.15964183782464353 1.7830924923847158
0.0954487164385216 2.272339144999524
0.0800951112569394 5.357791916469964
0.11066077587643022 3.1984270428310246
0.09100853795999458 0.34224072136139544
0.10224346641072136 1.1527604993959175
0.15455160013007221 0.5671396059772773
0.10921314435384566 2.582475774865341
0.0932773787385181 2.1334013065740165
0.13058453188240504 1.0598308221534654
0.06859503430889748 2.05096709113724
0.05171171650100243 0.7530245599071822
0.08666310515736664 4.599552391459093
0.1061433764183126 1.5448069888285723
0.11402951597362308 4.290435364293317
0.06509898581458166 5.197582864078012
0.014818429943379532 0.7654069108830818
0.06457102715851419 4.4213203287303315
0.13935624597799326 2.783138380318663
0.19293801714352152 2.531568475500437
0.16361900594294687 4.7931847255920275
0.10152216330143575 3.0802110452171747
0.14458154775602705 4.9936040150012095
0.0945686571652798 5.884242992289467
0.08343194135001214 2.2246427947292307
0.11561773300282295 5.216272536019638
0.18829199454950835 0.3280926738333965
0.17029431575436552 2.2615042617639496
0.23332877751269404 3.388679648563182
0.07909322313349698 0.14426212696438254
0.12424711974846415 2.754782042192295
0.05904580212984843 0.8161967978881302
0.10074846209545076 5.736949991745283
0.15373427260524639 2.4935682997311592
0.061677506742492616 4.556402848831036
0.14155538314494076 4.244498187291777
0.08326002093185983 1.0981190537576344
0.1256730663120826 2.0882463755397636
0.06622974108039477 4.789262006720285
0.11614103212083884 3.3588994758885122
0.010562265243331407 5.78364166946457
0.11428856463446994 1.628019811836916
0.11947089960006069 4.264892441235695
0.14538894755427662 6.2436717331798715
0.1247100355666164 2.296020497990429
0.09185897156792373 2.2616541922272666
0.11997548188540592 3.4881169440140516
0.01964653137906933 3.3193309903831767
0.026133311784586236 1.646943430803899
0.15407483088942697 4.2188907577266175
0.1749762349050044 2.980091914360758
0.03891226430405429 4.112467212149463
0.11847450603801635 5.517426883861106
0.11770270851996634 1.232938927631311
0.08224823866526103 4.479296684803145
0.21681847534966636 4.528053889374753
0.06770582794993361 4.802396201852312
0.19635713367452506 4.901677735393576
0.07407365573502905 1.2549297998142783
0.06919033557511184 4.523820668766101
0.06125651179511721 2.3033068111832193
0.16109649661504075 3.2326972714327056
0.14890188307484328 3.4255183771394755
0.10242648984387623 3.2585520845368565
0.11886126593009731 0.6024073836692353
0.1803862890117141 1.1520648131219482
0.1480194648194675 1.8468728804073242
0.05963488299222879 2.6755328751627454
0.20132060107169156 1.0606204236573866
0.04535839699944905 4.382909801591774
0.09133260264682812 3.784027913958689
0.043545649696010706 2.07971630130749
0.050573328771138015 1.898874480213563
0.08566183293648211 4.72297324957792
0.1329953648131598 2.5837247674862702
0.08113411155873457 6.148944361864186
0.08962657372082769 4.559001733890883
0.07055403359463748 4.032128339186073
0.07579985550713123 4.999819454624687
0.09201128926627397 2.242416501171023
0.08731897095965474 2.297950643021508
0.19272471220866155 1.8566506501751832
0.05984003922250043 1.5758260363163772
0.11349750604936407 0.45815568654696065
0.08556744135121591 0.9054595023497164
0.09994215170000276 3.314462450823159
0.07679581017713769 5.142213236287331
0.013325478721931827 0.32104958452383014
0.10238236194543565 2.5379975631642107
0.15022622653023143 5.739556654021326
0.19502396519403406 3.8798639915433824
0.1545007294350227 2.0094328373032564
0.16074265302168758 5.615266940678639
0.08959085852601643 3.152431663402577
0.0751698505166642 2.470022297269421
0.1207408808175109 4.226849524993293
0.08506932008693743 2.7418698944857924
0.10322665626373008 5.09000284406026
0.1502676562884626 5.133457667832324
0.0760461122744067 0.3789348458697728
0.04633926781098539 6.065319507831544
0.10484689360786133 4.185972728821675
0.12897766902245755 2.7721655568101857
0.10857913056319958 0.058052314953223313
0.128212013522796 0.4427573589136855
0.2853280208151658 3.9808339094978127
0.15915457050340912 2.599546830326123
0.1032978070266586 1.1489316410658683
0.11695896851818771 5.704032992579585
0.1300847308500852 0.6945680290111275
0.03038452983187374 0.6539418826769774
0.031020768115291836 2.2808251320368216
0.08790101854025546 2.4213393077117242
0.03418784449850037 1.1623792230608352
0.2637564130716704 1.599456689437304
0.05900288608668347 1.7475838928552876
0.1478494329834748 6.233621451426967
0.0826706966150496 5.255124099647587
0.08050884569761951 3.1185523901225873
0.09169606851024921 1.5726850509433297
0.10485335199080564 3.6716613930775797
0.03755712454432294 3.332304490399472
0.13554746305870535 4.710151223387865
0.040467641656429305 1.4159417907718423
0.11967403128088232 5.860706755742823
0.06319486959893914 4.200877205075834
0.15917130687974404 5.1963237019087645
0.1605790864974916 4.285230349006593
0.12797637994354857 1.4461296440460354
0.19566540948746347 2.448129795863747
0.08280576078944503 4.335235002974925
0.07117050465509583 1.239364630246556
0.10552513294907064 2.7191822514588235
0.023149254014823414 3.720740244141611
0.026526578257382204 6.055622251449084
0.0754622497525343 5.822391516705622
0.057659685062618836 6.091591320025558
0.2161456132148178 3.3474953933694453
0.16641333304408412 2.038373125007666
0.23388283634113052 2.541335977296192
0.2166416644139247 4.0816704360289435
0.09323037823035842 4.925787058508593
0.08511673275424755 0.4632169082487039
0.06813796422778826 1.8988786998097242
0.028158650312500425 1.5118072691448647
0.1904152120268881 3.8768745467986294
0.11634661357219608 2.8023252674692656
0.10910958118875118 3.9276863144422047
0.09428878741196964 2.820152648160097
0.14829975289469652 5.0833705070998825
0.07624656555049311 3.321623662699002
0.1872985508065385 2.4207015589996885
0.09689873141936231 3.575190053775915
0.11062764291935737 6.04709197017675
0.14961525777093446 2.0283755704049438
0.10799968259446217 2.786089317070475
0.13193318413816466 2.7834500723377773
0.16164786230709677 3.2939339912916017
0.16032864575917763 0.9369204614503052
0.09267692384836868 1.1317604852630838
0.12838562881733573 1.8587305087375776
0.13204246133201405 4.150777936611101
0.1417617298917464 3.7713128752490284
0.14835419772678318 3.1972231411282017
0.15573847934256269 4.369922274990553
0.09660406638967166 2.132288781282558
0.1626854263800295 2.0529517748754484
0.03522515045694807 3.645167927418749
0.1198731860665427 0.35745894126036193
0.10546471220093025 2.8867457311503064
0.08568649163637841 3.2782261163316986
0.020784498339730582 0.11402227373720336
0.2354016605904631 2.7183533289434725
0.20409314283033086 0.6697044696755354
0.05227452383450663 3.0181540439695476
0.1190975971676031 0.6007519832649795
0.18240266784031056 3.6215227149070213
0.10503805528945281 5.399262010606059
0.08986568876737491 2.6323362891294835
0.032403167438705555 6.040118980715674
0.04009804082276402 3.1049750711657613
0.0724258702156993 3.185218825780152
0.16364631182189865 5.871805504401526
0.13337206184299114 3.6845919355308325
0.13356930293068595 5.526182273392497
0.03643746723894057 4.028975865977531
0.02670678921821924 0.8356965724774919
0.0659936068321612 2.33408081056868
0.05210508450281818 5.431260490058502
0.15115900234107024 1.2903235979877468
0.04841392655504834 3.9401469083067115
0.06309274070447934 2.6881027191404785
0.11391290390652566 2.515434044922323
0.04766032229662844 5.984720132246427
0.12201189291644512 1.1284482604658659
0.05702506090049994 2.2609074343684674
0.05403086391518398 4.952306230754138
0.06317041381416617 4.00483154614286
0.12254054634918371 3.580224757000822
0.0533038947932366 0.26192379712984787
0.07212600113957846 3.6132505575561202
0.06496511603214093 0.2055401088992956
0.19763626191618397 4.9362207864660546
0.1195793710419842 2.3321458195708864
0.14961615927252359 1.5625602716559972
0.1849977908950187 5.063307344851441
0.08631091358747081 1.3437339649237652
0.184224220918133 1.865471128732603
0.15580192260067016 3.089853181437206
0.02373099465806488 2.1919929556301168
0.18033973046768173 5.861614058011331
0.10906908375055516 4.742851631616913
0.11549264029074863 2.778541625530993
0.1589504608257036 1.182586324754853
0.11986444276377368 5.853261934007278
0.09009711173416973 4.734423613442187
0.07230434377887511 1.704091010771753
0.26809662092888936 2.320681061928592
0.13769605415041758 4.485746332525333
0.07958398166784353 0.5511072758415657
0.07744808007302181 2.4940790504075125
0.04607816228622902 0.037910375812324815
0.08994547899259725 5.121838424770928
0.24498754185173 3.281507727726327
0.0703641693134339 5.150154594099379
0.15014305908014022 4.218469685227177
0.1218933190131364 2.646187208295933
0.06293915247657693 4.289583740809273
0.15628389361230838 4.418830819682537
0.08910455954769265 2.9913724295847532
0.05341796309281249 3.075294135467379
0.15343365570324405 0.6880044823486453
0.07022860466969694 2.4428712725924355
0.1345345558062936 1.54987679762871
0.028335090696454176 1.038830047806724
0.07314860637700799 0.3183925036495183
0.12168661004798319 2.198862136589674
0.121127353249763 4.677060867451489
0.16036116262973377 1.5888253101194505
0.04352331139201865 2.605203373621584
0.10301499240011165 3.790794062691849
0.16048655018133978 2.216937890836307
0.20612456769066875 4.971116013737755
0.0685568665273898 5.4273017051226375
0.09401537477334761 3.1245581328228935
0.18098952030172985 0.7124284360325268
0.1491204548977088 5.753839564426206
0.0851561751344822 5.42831037269219
0.06700611884248382 2.0627241817677984
0.13789550754991223 2.6221254155210927
0.20132763625648986 3.282596460019733
0.053071346700658946 4.718442720676964
0.11207391278228006 5.172950020439931
0.03919840577192022 2.868214138319437
0.1315989391214712 5.813169867352434
0.1788726223869929 4.507485401566159
0.13777218448227713 1.7611842266041957
