315.4451437503859 5.743683365853704
58.09201074908177 3.6235227545907045
148.91872605377566 2.6616795142050766
9.560549226277411 4.117213326395907
4.362028491686124 2.2472286324546813
9.260547035091893 1.4237051763854427
17.950943017881514 1.701838613413131
2.0126476317522597 1.8783548502550211
1.3716373732071447 4.222066519626493
0.43887179058154924 5.95530121872073
4.968629430746947 0.7568866152450451
7.073889406540059 2.892935668742123
0.18749051923778592 3.5511237071088932
2.089659490913206 0.24773609786088982
1.193690863757045 2.929850313442686
2.534112520803848 3.8871240130105167
0.4883061458742974 5.521395608596529
1.2879563004611285 4.331600602030351
1.1861495085840401 2.008890405073382
1.2316643560279386 1.6441891440360805
1.6759445571545495 1.4763590390618577
0.9923951272034365 5.2455746379715
0.7974742836465012 4.105388805402106
0.1122088761326284 2.7798037229276265
1.8949583015529008 0.4971174095999517
1.280630675335334 3.0852736290267093
0.17458370904321685 2.898380761293804
0.8817058686140684 0.5567685950093038
0.1722088526767508 2.7523061426661943
1.0157470671338777 4.115694876282102
0.6422799573752117 5.3475469553634705
0.22820470470512694 4.519487629669759
0.479233038378095 1.7789129812185625
0.14292158073173034 1.9894423302513187
0.22314173385550143 1.1809785644541815
0.48940636097182294 5.5908703195419385
0.3592448529456909 3.8254771015625613
0.004890674463882711 3.6199651290951684
0.7877157434450073 0.2848771891627324
0.17862381846265818 3.3874437508464434
0.1290576628467449 2.975433928919973
0.2941315119120322 0.8969531939030049
0.1561957024209477 5.555066198207548
0.35188075669566626 4.496070617931728
0.3312052432826563 5.176033629373616
0.11490715046581279 2.65358333789797
0.1300184215790173 1.8412602853812923
0.11530378367102741 5.312540266858471
0.07439685559337707 4.264713771137602
0.1798586926013108 5.630174298019376
0.025909346702388904 5.484990337878763
0.06886680943107083 1.067621538307037
0.23953955764632515 6.18631032418123
0.07033197949029708 0.19483432185006047
0.08165219761535157 2.3937829878670853
0.09261525779910443 0.839037001030357
0.22474306898733437 5.383843837116963
0.024986556313740093 1.9493326160877018
0.09436515650107855 4.250343989094908
0.1089688787636222 4.891015996765134
0.053321717950261784 2.819081099085526
