500
359.821040430977 5.4631751747243245
69.02670589770504 3.480908897451736
47.16651024230017 2.8530639317857154
23.560175149536597 2.5492603321740557
10.572398019970823 3.4121305678185587
10.679261841803099 1.53315471363269
4.2172433504985305 2.8400004505958143
8.34215791832146 3.020876947009349
5.3170708455421165 5.849251576722372
11.812848279022903 0.984369475068315
9.373996430289962 2.6819710002518486
15.794372696498861 1.9204212352781134
5.182854634950439 0.6247065317517224
3.842038095420048 1.1870264650024411
5.122731987109325 0.8772820794032139
11.690390338244997 3.402696761107059
5.343064589794978 6.140506397041098
2.4247054269049118 1.3831196045517777
3.714249279499431 4.617275710934568
3.2920555950742676 1.1185068879786386
4.649586673511595 2.1497651890973337
1.2671867114707016 5.15549486058483
2.230193958910205 4.870719009741595
2.6041829790321462 4.642691607192388
0.5169824803810824 2.5429611816987805
1.9592005683634057 1.722697469793455
1.3069919033599033 3.1132156185054716
3.7591338558619394 3.9487822587875323
0.7529434028165058 1.25164464194366
1.0742417141189537 2.047713235803994
2.184692578664005 1.8971376413751955
1.8841246484822771 0.6421618927620113
1.155572333667679 3.1486366652423325
1.893402376320261 4.336645558296995
0.76553688753632 5.989772686517151
0.9294927641784915 1.1289437824025896
0.978098411589157 3.2818529589158754
0.6305213137154707 2.709579336664814
0.7280489307025846 0.45405519853861426
0.619882194281928 3.204412690411774
0.07502179981387429 4.419299933414787
0.5597820237751437 4.902042046528091
0.9042088381873236 3.770160902649422
0.47451383705011846 2.5496009802539366
0.698578881071387 5.371440134627918
0.13676994203070109 5.000114268866758
0.42544289967302695 1.479191122603906
0.4585481825652537 1.7215222794572298
0.2870944769464999 1.3550716072082167
0.17461624135499776 2.170165304963909
0.5986023656911745 1.979203708628345
0.42706886673005323 6.257683990554948
0.35476536026284267 3.070126895267474
0.22904116141741745 3.465154542169195
0.518115610550106 2.6275447777717593
0.8360045948835977 5.764943353612707
0.8485741965700021 0.016748769184310574
0.29205925134953276 3.077283897905657
0.23160434470563734 5.543470773527253
0.4511378017598515 1.6452004415704673
0.08794269487098107 3.6121040307408543
0.10481937911633193 1.763503154116781
0.4694538950649056 6.242010005896028
0.18688756870063136 1.65602208783889
0.5148039154734645 1.825668394737286
0.3679480889824989 2.7151693484125796
0.1340091866266031 3.0386903393107763
0.24761697356789444 4.448541875947312
0.07724387789575549 1.0257500486268898
0.024941718724417413 1.4869252943052849
0.43893877085706146 3.326833467419645
0.10171028485501425 4.295707579487232
0.1686446724711616 3.4927670731268696
0.21855874432062705 1.6450323795317499
0.16817155415325188 0.8872023803163755
0.13056210142218946 3.1860586051124153
0.10899803201031649 1.800421230200456
0.17323576689490142 0.7336989524803481
0.16245069469815124 0.11725763895860772
0.11767300884433 0.943474696623587
0.237627665546205 1.6079046614159438
0.17462076059262624 0.4252243007060192
0.37536227103620434 5.5530116427278
0.2111600090559921 1.8035671775328015
0.052788376463919116 4.485399829319506
0.12390580413758304 3.6280728339810318
0.16757495818737664 3.1194716410487824
0.09688455257881967 2.9108831582449164
0.1335381686725462 4.9054754818508
0.07734912389249399 5.2299406712204775
0.0823770444098913 0.45763948244079017
0.2539695887352704 3.8298381506188526
0.10295571714741956 4.4306762668365485
0.19723540955677496 4.886953296682817
0.19629470623013814 5.231452851740295
0.21434092206532765 1.104340286647296
0.3031590428548596 2.441508290625962
0.008647356424378985 4.277886894976357
0.21249791530871945 0.5706484636124173
0.1637567829680311 1.6858573485550448
0.2514378988159683 0.8800392054401528
0.19566425183980563 3.301388260510666
0.14200470427885362 0.7910942338055591
0.14775667244428758 0.9133772705194854
0.1886246915017168 4.47307209288994
0.1684669859089547 1.6108069033108279
0.1858619915250156 0.695224021414126
0.09471714543839473 3.069007469552905
0.042344043648290086 2.2545838461091647
0.19238377573633908 3.2496243541774623
0.24058357895663388 3.384222620837414
0.1228671798528244 0.3454070282717188
0.07320747360146974 2.7846902809958007
0.13851701194360252 5.103034958369674
0.035995592700737294 4.03043748420194
0.07222318826240907 1.3738340560781377
0.12826699642455613 4.0942953539274365
0.10211650234160209 1.488887395710223
0.10885086607092659 5.72881131069841
0.30486482673684767 0.1029944140927811
0.05666960018672918 3.0533056071377636
0.07975247378547222 1.7497217074594862
0.19364724510974787 1.0225387672387762
0.16306040950319614 4.2789365964770685
0.1787919229738213 0.5161844025444954
0.1592035121333966 4.268653707719725
0.23428529659280775 4.802843218943858
0.1006932964005438 3.6436595959099907
0.11544165337163041 4.619303788038825
0.032289986726454424 2.243797341062252
0.12744580021286767 4.03930822625108
0.13456579449564957 2.179161403538012
0.04658748248994096 0.5280397423975217
0.12200017083061501 3.112508699384609
0.18866440445131394 0.13166310003826234
0.1336529080103726 5.61517931827725
0.12077361348772592 2.315166873709843
0.16739440224491806 1.123507077711207
0.16763734017860402 1.1644562064208321
0.15201609605872557 1.123383175531902
0.09754161367507361 5.74862365773151
0.17883150437888326 1.9738015956367998
0.20362969511916193 1.1876574767387835
0.05116790159554013 4.87295108869233
0.10440598153012702 2.0002431869351796
0.11294805066618786 2.6288028452975847
0.12357877988159169 3.3473726905817776
0.0973235093118033 2.9445008095496177
0.10849608067861455 5.090434835345912
0.1454301550483668 4.761890746428443
0.19653041539163504 4.89525403468545
0.1685071674052456 0.3386207972480449
0.24548354195365635 4.048601063280868
0.2558525753162942 0.8809386496967334
0.15772853962245226 2.4669499764801377
0.173314384002853 5.971883399969337
0.10027324655008293 5.126840733375669
0.10541713392565316 4.604263214558168
0.21084605235000248 0.5482973410194927
0.17970947289823608 4.282388342489863
0.038792924544322704 3.821288554231258
0.13681078835451507 0.8063541801060882
0.05463571223568777 4.142037394472744
0.10608084609960447 2.3752461284902213
0.09037027719827614 5.727975508754252
0.1529654104524358 2.9501674367362516
0.12206695844314765 6.083121948731541
0.2809769117856581 3.2115623640676993
0.050448801769939 4.586571173687524
0.09319179480654591 2.6584929046627046
0.12269094996684404 5.767539583140319
0.17431027202658836 0.3894093867055544
0.06366614578533517 3.2184254751380053
0.045922615525605524 2.4151962332628405
0.07480445666183816 0.35067203580536704
0.21502357807361983 6.070325326762752
0.07666197932253072 3.8551183260377027
0.2827897606993187 1.0943322148214663
0.32721564445581647 1.6250368704386178
0.13135353190336033 2.5242778599693145
0.2516967288478679 1.3766114124487687
0.1534715556596874 3.645115559318715
0.09354033813289413 4.345001130367129
0.07753744139164531 1.8225319749817033
0.11556722495100297 3.7757703102727445
0.0810673021269383 1.5672226418344448
0.21796761525498162 4.492055914385654
0.18151587194435342 0.5804221594391857
0.07379427605390525 4.422077358255905
0.1408761446353566 2.2220406902735403
0.12452487508458189 5.6434320722423585
0.26834969315743273 5.111502347810835
0.16919861623989035 5.519525596464008
0.1658225961375917 4.935282912359982
0.045218903984687 4.530340344170455
0.12215859478573485 4.933577453445373
0.035453494454951606 2.502696005690382
0.0464583233100415 2.640124575419325
0.129932518718552 4.203317504715748
0.09197555795575783 2.1141927666082116
0.13100739067117115 6.179575756903983
0.06822424725025827 3.8733446762330006
0.06376715542246368 1.7169999347192397
0.2724743589627286 2.3006814152067516
0.01951979266322808 3.959624064754222
0.1326497011569025 2.9285041867092008
0.2833882464211233 5.327477053006722
0.1371643319220871 5.693148154247471
0.27172935743637283 4.633044162928213
0.12864390977151913 1.0932575726653049
0.26989763560929486 1.7696001255716345
0.21830695115852797 0.9345538719777319
0.23414655921071453 2.4929252121899736
0.1097471912133991 0.4667835051608402
0.19504238448409236 1.5350200905374658
0.11191111497790006 3.3906199148437066
0.12763131427435817 2.2174755391705867
0.04985897856651623 5.783296564477191
0.13443871115507194 3.1376332703159937
0.2849510659924256 1.642464114559426
0.06573788811451625 2.8313163871065568
0.19238204253447172 1.5983059307447978
0.05313369563994144 4.985517625982476
0.0997399497261701 5.129942329702918
0.09447837059356097 5.721065719241645
0.1651085366971257 3.316106153495551
0.16641795705703777 5.859163787789167
0.1832222394706885 4.3343423635390685
0.1899763064360996 5.021653706184672
0.0733205512111485 0.7774796840759902
0.036925630877517955 0.04575502964932955
0.30647919112497674 4.818150848246793
0.2726462233457187 4.6087167517580045
0.12124336687119128 5.5335776784999835
0.21969271407655777 3.3871251529861772
0.10497723457513664 2.1668169083513242
0.2665099942050379 1.1932610598230171
0.15999733357837867 3.3907877181550097
0.23976708757591497 0.508813592686249
0.12967561863659197 2.8786754817091937
0.11267993885615152 4.191184379741231
0.24793344583715873 1.6797437346925692
0.10008180667841782 6.03486806875527
0.12613086246075042 0.13986602282614083
0.16726072078318005 4.875358671365899
0.2555851348209582 1.739941903288635
0.21930821258469166 1.096633884561393
0.05259286685351735 3.179602126632918
0.06297752225334116 5.089248596561514
0.21292364357748278 5.325928312417955
0.04762914637613921 3.4270013876803107
0.11151814537791545 6.081793029818585
0.05849303547172014 3.1287572831252546
0.02566006948686027 1.7624814373261968
0.21911398940097698 3.10556997988616
0.12390966234085955 1.2732614179725963
0.15732426321852597 3.723856764756902
0.20471169710195708 0.8655892375639359
0.13259733108421148 3.429125695682782
0.03973522844525139 1.8663712495573839
0.07656098546769854 1.4284875351489479
0.1545621830767804 2.400286389891294
0.10974939505975767 1.1891525586244127
0.1818145800101773 4.749698757723715
0.48471434196957036 5.011379924217358
0.13181315678915004 0.5487625637979947
0.19000453440023954 4.926751931060828
0.19011791133581318 4.401826095862605
0.09379653980540015 0.5162910364170608
0.10520595115315239 2.8262261185563977
0.09852529270878878 2.737952733871927
0.16746828109074244 3.0664636828263614
0.10282369506751832 1.17990015373466
0.17666085111981786 4.3844617545146285
0.14626129845589 3.879868928948046
0.07593100938130082 1.7440970609905002
0.16600750143771975 3.1514342180429593
0.4045649720038838 1.6336391582921017
0.11467740636464298 0.8311650610291575
0.20071344622831594 1.681592729413586
0.04972781580225393 0.3922397874488282
0.09307040527841122 0.8722411171001946
0.15299726547349024 1.3491670322261715
0.16111139737845886 3.3970437214239055
0.11260864177305628 0.4230013184795667
0.10857042407613536 3.6435364643030717
0.02163330355166117 1.3845961224444618
0.06198354704870094 3.0203672349744064
0.08496543995122599 0.26225969951763173
0.2624631212271337 5.627420805804416
0.27996066105365275 3.7261988137304485
0.13483742378779245 0.8707171836604188
0.3477435041050837 3.207670224434458
0.050885050050646065 3.0900872998042503
0.04317429286692823 5.951371180812271
0.13765342913679285 4.519705135146298
0.07355807004160314 5.435906933899215
0.05589235078206261 1.7367009678364138
0.15502493686354088 3.312894596406299
0.13640324831581205 0.1394652004211343
0.24057142871817147 4.733272132698575
0.15379782954124357 0.30991289615702755
0.13234312529168132 0.015334543037931745
0.21179958875776414 3.2207595178419126
0.3219632802477662 0.8950506705184094
0.2509462540206806 3.5578446710317144
0.14302726484896341 5.097977799553489
0.10998199582161877 4.046071031306266
0.013588368626696599 5.0334675886369595
0.07352854050192478 3.8113214967657094
0.052213263788732485 1.7875732803767632
0.04961558786948888 2.546684889669912
0.1112082717787981 4.0023050381018175
0.09027025516085756 1.6159592646520384
0.052781789923647474 4.606111659403032
0.308286542875194 1.0196039161130261
0.055870043276616266 2.2199381857296223
0.1647177955813537 1.4096953261147647
0.24502865545697303 1.221234141312269
0.22749569733666855 3.387411940211736
0.09483843194403219 5.682176935922975
0.13534805789608204 0.4078009183350947
0.1284492370528053 4.035653811823202
0.13302280164155655 0.47501988483777957
0.051348163815401186 3.591326883676266
0.12432333489467465 5.065190306721178
0.12798243045598207 3.032376222142093
0.10084046708021516 2.6807282600774927
0.12195310662018402 2.4037370449399247
0.12730707892195517 3.5153053167502564
0.1117399361444188 4.004787944074296
0.3317572811145944 5.395976401308801
0.33751668796715034 4.260736182081941
0.13034568769188945 1.4250338989899731
0.27778359720460355 3.3265240024182336
0.11180342368857113 1.7196739410956905
0.2904781827987276 5.939162452889529
0.19331805510106329 0.5234840332899705
0.1362676370225066 1.2860071315889132
0.11853356312459072 2.8986786764867367
0.16088788437277893 0.6313094502799003
0.15456686164477604 3.1206789053263297
0.0680604108671044 0.7622497204255766
0.26350206966205225 3.150304211194673
0.170482497909806 5.718348797141639
0.2086848629796161 3.5510313885726945
0.09833959381306391 5.037997960496401
0.08352165336814316 3.3153296668813415
0.2345921197782414 3.3067216750982737
0.22512326499357369 1.2141589404596749
0.1813264375422471 2.437355866812833
0.16648379882203238 3.630962730812596
0.08706502657286498 5.0888396666606965
0.038202979336434136 0.5089999756208068
0.07889347967815269 0.9981461725166835
0.0918310085888493 1.1142688081760934
0.08493909459527513 2.48527394461399
0.39676265818535067 0.35384282022092134
0.21766854506246874 3.1689273815767387
0.17500400396194943 1.2115785123289142
0.16670025040920897 1.628328442524298
0.2148444115646142 4.398118696463601
0.18174120435325655 1.2678182659131556
0.20508966761629377 3.5434985458907926
0.10925449674779057 3.9855579210910217
0.13354975579892223 2.3881517076298255
0.14843176644071784 4.100627243721181
0.10967153697802041 4.29619126886897
0.18690712366927895 4.22877661939777
0.03629541107702078 4.3522688853686855
0.2773376939386388 4.598365102743018
0.042168059781868175 4.522720060341113
0.0321354937056611 4.889388799975777
0.17659185714490952 0.1902874083410461
0.16477010218610744 2.2390061072862046
0.1421878243213755 3.6203044769245945
0.3911585761992165 0.5757518425673067
0.13513429394923696 4.037704788233353
0.055336694314961826 5.050410024555642
0.025859608178045085 4.023156221037571
0.096404870281181 1.6906716895448655
0.1842658115380587 2.4361854539767416
0.09746457981815002 5.367695809072032
0.13999491900018954 1.8394149156100392
0.12964282539943522 1.783586537804278
0.3327605830478475 2.853191832903749
0.09422007645729044 0.9273904861508329
0.10803857527911834 3.753610445167119
0.17119395818424288 5.038296151230979
0.3062024081467056 6.125072398673828
0.2125595037677585 3.8802141805785713
0.23349658312397728 1.386129989915077
0.08895800266098443 2.2357475232098634
0.23246248963047292 5.37701359608322
0.16127058168347885 3.9595708157616425
0.1645433408517064 0.6125934239239166
0.1972309258481186 1.7527791185291335
0.07494375081383299 4.5753478140374195
0.2625876580502296 2.1132711885676896
0.06615276174362436 3.6913005676213912
0.17360385109472015 3.3711798032753006
0.08198773737343229 3.7372116833652487
0.22750515014323483 5.02051321501587
0.029921065775874566 2.316399029060332
0.2838622739404791 4.818312757400194
0.04091824751801769 0.404871109947908
0.10880963588600143 3.0586912821371115
0.11693956144195342 1.8967031472687983
0.016483905254146985 1.3654592788092719
0.14500201676694818 4.096839604074129
0.1156035877567543 4.816737919525078
0.17410041417537175 4.086018619967417
0.11319543390276395 0.44740131324337135
0.10549090761360408 5.328257206246445
0.08480468962102126 3.120049649103321
0.2765076715703641 1.3832132861440953
0.25808787932481225 1.9346598417263978
0.24822659217043244 2.0559165678755185
0.17091954455627217 1.1750161404145356
0.19244205702285724 3.9016854267736902
0.0684483151858375 0.9693268435781448
0.289205838704513 2.9579182909749626
0.17940940770278282 1.1582786011213209
0.29772532225946896 2.3291876036253236
0.033317526614639624 5.553719508674812
0.17406153351212642 0.149261141717534
0.1525281173345424 4.63415185456778
0.07077956258996135 5.212692061720194
0.05870229082934295 4.95349675131587
0.18368227167754517 6.0191181569391965
0.22780316592381128 3.5246343456538654
0.047072713073582656 5.693582702735844
0.11303912867991384 1.9475698103793386
0.19583249231805372 4.317897090408456
0.055199471624751306 1.4591554715156099
0.1681459275720292 5.022476864192163
0.2479456550261648 3.7005775552998705
0.037849626870753314 5.59898305786923
0.11723516543136397 3.21399247589621
0.03719753146518472 0.6491718538375699
0.05431994746455574 4.888459306351041
0.203861055019045 2.0517881778428384
0.11886498306137437 1.8032402154463762
0.2388639231373939 3.315590337061353
0.25329351655348914 5.909363085085049
0.21800437540277287 4.60640828273194
0.2898788139120603 4.402473397881273
0.10573817965375205 0.529276294746006
0.07062244713997766 0.8084169175164645
0.10951812244914409 4.922318164641803
0.10761870478289343 6.274105767242397
0.0710135820835598 4.201266053950451
0.13760604874442517 2.885735929964989
0.1465008320991698 1.5902774726612023
0.2298579813575553 1.4924389921230237
0.15969053589217733 2.6974372679683993
0.3442293879819351 1.683318000167266
0.1987444365262612 2.2809147362575755
0.1820726115700012 3.104206604314849
0.17832679863121487 2.1170233794316977
0.07195958506390232 4.431396801547222
0.22295468608669194 0.18611884735217504
0.15423142073199034 4.6501542408064145
0.06337542996850425 1.8956492473714175
0.19550171341388392 1.2667564908498805
0.0197923107388798 4.9844952109037095
0.08242766080480488 1.503325731515053
0.12253694808424954 4.367926733671799
0.0750827722156269 4.884069753730606
0.36367313171132315 4.753192476577361
0.19977477275949915 4.412341741593103
0.15072581222123657 5.931931715101713
0.2649759940754659 3.2890484290745956
0.11832822897682976 2.2776639053988545
0.2527328677125138 1.9589119899552738
0.11288263563469791 0.7594383857727618
0.09741453725054113 4.038470879646362
0.1024411639255537 4.799339718461998
0.04653296495352407 4.718352864230635
0.2661449052441324 2.9679454040217843
0.17262097637985954 0.6051770615803765
0.1439511515320485 3.3512832617228567
0.2706780711373379 5.459253392719063
0.14444484489449133 1.7324197711482054
0.18510388099501235 0.1261695784731724
0.19384259376604945 4.464807914974167
0.025083998894944035 0.514015719646301
0.11784603525171015 5.257508182867198
0.1824205606607997 2.117122184038794
0.23529405521602212 2.932327649453485
0.14095858397077815 0.6117451448429035
0.10990936057284688 4.189855896710467
0.07544787536776974 1.7153156961133662
0.11364580897937922 0.330092313068173
0.2846962542679021 3.531483362677687
0.22097249255083593 0.907096791113953
0.16609929245342545 3.3826584875385177
0.18551945201922623 0.7247434993587399
0.10971917081018064 2.3403708952848605
0.16647730144234352 2.1321353176162665
0.27350696676938674 1.4039419671939992
