1000
319.00180898529493 5.404235915070431
18.82990606006956 4.281536844232194
81.97961295655016 1.8206595105585839
56.45290605905224 0.15542645556944254
59.04755296996438 2.946116397351909
10.952584115142653 2.7986925111123115
38.02277965307793 1.88092290456343
3.0568274245262392 4.231176054278301
27.77951083381947 1.4103398012690023
4.350080835012885 1.2764818272105616
18.324455525093498 2.81499419730554
18.27359328355609 2.4252885525586025
18.0770882364834 0.9357698567510334
13.46049808514852 3.5054118579191185
20.742758521286458 0.8933006523332462
13.229078726965671 5.208152794978055
6.689976245817448 0.6157692039219458
5.122005857700784 4.058840340559161
16.706987257870235 4.535366145416648
11.604247541153832 1.9219961997603552
16.362759931352443 5.6178653432244365
6.043864329889562 5.253518219266168
6.987466741718145 4.6912752907834925
8.94830051914078 2.2131269412759553
19.048877943644378 5.715864750338551
4.969235588680295 5.151647838339953
13.309265456699213 0.9412571673063289
7.005584352557153 3.8015543911330383
8.202150256383359 1.6464001713074186
3.9166921504249075 0.14393849872905265
10.313168292422235 1.2814218521122973
3.4243583146775607 1.6971279879271077
4.816605880865984 0.6175443881194526
2.877946543786741 4.169429909503814
3.153431462260437 4.075568373002474
3.944019253170444 0.185158085903782
1.211447874953584 0.49906234378961795
1.9572014878309312 4.7917847124999575
5.223461363152027 0.38213294647767804
5.058600925257501 2.351797648864561
3.4664622494629547 5.64602733268034
0.7845167219470833 5.167695716465184
3.90012264937579 3.506058366978153
3.127036523868009 0.8810041278295055
3.4320954869635183 1.444670733566377
2.2839535074895942 2.3082467519701138
2.430973030415512 3.1533535439042013
2.1551317726008214 5.785176743938383
4.180760987723701 0.9720806620372955
2.4531616891493564 1.5535460554360376
1.6465599530531674 5.219688523881593
1.007320977105839 3.12703662733504
2.5150133681721383 2.8957373706112284
2.8685532029018246 0.6177185979924787
2.713454209811323 6.131007487098181
1.598326687816467 1.5058647430444339
2.238109719741344 4.045345405239421
2.183592648644193 6.023096446912277
1.4040193753019663 1.906205301517525
0.7706470179320298 2.08030454483135
1.1091429135533233 3.2830708428422946
0.10430159011646126 0.9130613464101546
0.8427179194140129 1.7406786063645403
0.9527852440420289 0.20303764299714477
0.8731751881568743 1.404590795752614
3.032473073539001 0.1286124533514511
1.041431014994509 0.9039733339674173
1.0601712068830507 1.8163573773835573
2.392684926080466 3.9298940720350695
2.4084196822046557 2.790200003760875
1.395178462758264 5.179015471661277
1.6417896298208619 4.525873133005476
1.2407801108889815 1.1481617370037827
1.692148767596066 5.462038216852117
0.8764781072494537 3.1945800916184774
1.4030526888662862 6.075334212370845
0.8963548401146362 3.6983613366487567
1.0383601292569458 1.3255543501715288
0.367754787701372 1.1575963162556573
1.4124074684261103 2.4930616773010956
0.8191232109074289 0.12330411670893324
0.7546536279149465 2.7415734369986624
0.7628345513976421 1.5559972304774978
1.6224318218725515 4.159590163772995
0.2799328857453592 5.327911666110132
1.0895584343237192 6.090424632415858
0.33417073411094617 2.5763090255440004
0.5390968100293378 0.7512641857371185
0.7840482757064114 2.494354305136256
0.7364351989841407 3.158890558106285
0.610442435729344 0.7755322318971171
0.9681675308946913 0.14461649526765785
0.643089688502402 4.795422491636264
0.6224958308848424 1.9903919964186438
0.4832511960863141 2.6282531505387285
1.1540927494662256 4.304603657379706
0.545083779221169 4.651113976007172
1.0426128268624544 0.7090772696316675
0.5695318875633378 4.400126296239421
1.3223211951302385 3.529187573790541
1.5346011679508524 1.0873231888078916
0.6514023709285205 5.578453239767117
0.7581142503350743 4.307579951517561
0.4758989128330925 1.0214391128428344
0.047714117842482036 1.1704816009400634
0.2831085671512994 3.7798323689149065
0.6568733961997613 0.07585474968849273
0.021760378543699884 5.078943165768845
0.33169611518685144 5.350504147382804
0.4713244897146618 2.562258547399289
0.25608472260098686 1.4283755190078804
0.43876006404479007 0.36173185259317264
0.6831160465663063 1.034645641444255
0.3724222844921917 0.3781132534868851
0.4480755908859035 2.9272795061051955
0.3193566694580599 1.5144466885493264
0.73318973001578 5.485955959224312
0.0951731649770965 6.021803049369455
0.2090649287373032 0.4004688603878264
0.38021010149762546 4.682078365793765
0.5171531852429762 1.1077103420895258
0.4074144992874071 2.4091706940086173
0.18933959601064407 3.3707142113798065
0.26671001017427715 2.370516465471859
0.08512287801574231 5.526763783797201
0.44617344854782626 5.704574176970107
0.3478045273964375 6.042141570121105
0.614386531964004 5.401192963854111
0.831900576283154 1.8664214060663302
0.9269431820160501 2.7591279189221747
0.3847288137995136 4.94534014201253
0.8250027394585435 1.571964853730898
0.1843522351594457 6.022145983166545
0.349505052855992 1.5709450415744424
0.2570746344770282 1.201481396346774
0.5221635660711453 4.579771552435319
0.35429727714278686 3.1494065333989725
0.2707210433005704 2.5728639427180306
0.07213557447283354 1.841258179424985
0.36435940633737507 1.0655939326957418
0.2911530420255645 5.472668058040199
0.3159137076135849 0.6209860733569973
0.4791107321794916 1.9516151031640094
0.1944181902908108 5.830930073339854
0.30901544166249323 5.5091223952293715
0.38287721156263016 3.6733057071545843
0.18524247324770785 4.451510546316166
0.43083158859151144 1.3674271374955476
0.28111423021643756 3.9111816371014427
0.03775059263608263 3.000207594432293
0.06995154203998248 0.25226611263082993
0.04753495267092134 4.00978777848737
0.4135114698438227 2.5155451812506797
0.3655023507063903 4.725762396081374
0.326899096767076 1.1661301750047806
0.08920723004209272 4.848018472007717
0.3673990180574618 5.214534709541661
0.23583144319007895 1.8710547027897293
0.4398483106813353 3.864479724900902
0.13137990465589863 0.7392888327003163
0.09563603001341632 1.6297415342805894
0.14017490579903905 0.3290753366636401
0.44050138352498114 1.6094300137424153
0.3450909399927657 5.876530495137407
0.11301141469219195 6.0001865042751
0.21065796217990834 3.325538632104241
0.2612452512056518 4.942357166117002
0.26227584990447456 3.8805152802537948
0.08302564055600051 4.9239102959490175
0.13345977781253096 5.627684810975153
0.5803561052631685 3.0686172462040058
0.1626005152191117 0.34267901654110916
0.26546710692047243 1.4453289736592616
0.11798151246266946 0.04155031995666782
0.3239246287204299 1.3205651026642118
0.2305160132251829 3.1890924192699024
0.1963068941133959 4.512467542339083
0.170353542884866 5.534902010569988
0.10898130971629871 4.360902577861554
0.18565729481983337 2.5669323334225678
0.16079465578110674 2.199046414538989
0.1063201149381135 0.8632462911436355
0.1331813955156029 2.64929961541629
0.30719032541765184 1.285170245079294
0.252512352753887 3.959124247292204
0.2345354288554527 5.015630758588827
0.30185645919617327 5.837989949398166
0.12220144454105379 1.581575353231553
0.3388179501884158 1.3520535002983403
0.1683862146069737 0.02272632259076543
0.26769574767608306 1.614247314245645
0.1078199205175714 0.956125375753428
0.1847993157636656 4.086451428182825
0.4009065802265214 4.204713335260278
0.31069377283059557 5.577782533189658
0.41712481621738406 2.6844074164619753
0.326181170678703 1.3112436978919795
0.44090857322790855 1.94460607106734
0.22175788238097027 1.9764428063013622
0.44705698254466464 0.7004596572492569
0.2980789736067916 4.283120389048399
0.22052388761173447 4.643967222787737
0.17510334555457321 0.07970906921575471
0.18213636319220228 2.3722047632067715
0.260457344174881 1.7665682039240431
0.19686670848426213 0.4328591061732485
0.09947780192615979 1.098524565367164
0.092709680692634 0.053177688461734034
0.19200804203113225 3.847345971318358
0.16989860804997498 4.363801251553742
0.4320872390525718 5.5785184658765585
0.3161103662796286 3.3208241006110146
0.17570618989755246 1.0411007574412718
0.0980636008035929 1.6839865730672863
0.2468117525150516 1.8190429894408588
0.1174348629325411 4.452248156293093
0.11085631818876056 3.989076525752594
0.1378011573718018 2.7930840438925855
0.19360578339210138 6.255775748219328
0.06581317977638629 1.2814631067879456
0.2620149552112977 3.6251431462257364
0.15132379111753327 4.263152292380439
0.18091974826460164 5.791772978123267
0.2635339742924822 2.717231120225088
0.163842449265773 2.6265929706841553
0.1478868240199495 5.5405960865293284
0.10572664810715635 4.271210129085171
0.18132184631843315 2.9660667652333523
0.19518045019845046 3.045183107273357
0.1848468312237728 5.320174392890244
0.17668029817278105 5.437928337500461
0.15363478304589412 3.0462849916532093
0.06788767792568251 6.04881001993279
0.16076281100446607 0.523765304845781
0.1635801625745977 4.187264803438291
0.10470690021214532 4.7899591797808805
0.06836868721492703 6.078158443617492
0.04438978742418285 2.217708160214185
0.06892607249250049 3.5389529904132946
0.16069885899163763 5.911334547476055
0.10552543076500852 4.210561803967243
0.2398047808801753 3.1083811353131523
0.3490978921977509 1.6161250665479172
0.19375663724448178 5.913713652883148
0.25863546708131074 4.381133795925328
0.20927104974023064 3.2230120449907815
0.3117381623028313 1.7577251623514678
0.4290150793290302 0.07472134745992062
0.304887614334007 4.28934567089501
0.3217497741066371 3.5003767977744094
0.18597189933484454 1.4668879546551048
0.21808574868772054 0.7765752446980528
0.13662340314968055 3.845092933829593
0.12094241794667267 1.5671568378942071
0.10851147324442267 1.5869246229225544
0.09208440915893856 0.7827434188695522
0.23530740646048856 2.42163236306529
0.19441558522171024 4.462169019662067
0.14554464092126734 1.9457234901597056
0.06478064699398947 0.30492379310550277
0.08436520676183776 5.214065758614994
0.23295484084985435 1.3555151651206143
0.07861724378440862 1.8634520382304745
0.2174165892662834 0.5464346147144769
0.2054171884691623 3.3543126717173193
0.2525635794048978 3.949382880762079
0.04459855316413552 1.7157585162446636
0.1321976260576179 1.6203799772176144
0.05133724118984223 5.48048284132165
0.04400950377819745 3.5418034421528177
0.23463628390692198 0.7407439677825518
0.1459474448451384 2.057195042620042
0.13720518268431808 1.877330527183257
0.062416415063163984 2.780145943214217
0.10019214202028755 4.872676935737062
0.12131318699002448 3.4517982610269944
0.17545172131186268 1.5666847770331593
0.17564780829048543 1.8217315414947846
0.05872674915470009 3.5288544314383166
0.032478916854546985 2.8206436164875175
0.11195825623889064 1.0749727496668091
0.13856701458408854 2.457479135421378
0.025290649839976705 4.668333825096924
0.059248845708142615 1.05920196048033
0.051266389197149285 5.983950498917612
0.10778536339457545 2.961782861202517
0.1165338438844514 0.2029953465762251
0.11252861170640775 1.93100172591071
0.07349034647557597 3.095152770715306
0.014311353609032513 5.917725951272345
0.06342776992089978 5.591708602025921
0.11564994956175977 2.870116198144549
0.02631451149288504 3.8416541319941206
0.07014583309836639 3.8921697930144488
0.041654744271131826 6.260421442751573
0.14279504573827856 5.2044782434606685
0.10884338731920161 5.068712206029996
0.10151933983749047 3.8021365997630965
0.07629215079519581 1.216238977166828
0.022899859990244756 4.209114827256965
0.08634377546724539 4.154611409649441
0.056896591121119194 4.130626645274402
0.08774115148599099 3.295503831833041
0.05241225724366378 3.8849642984967914
0.021458923612326528 0.8968587431586443
0.08256397163670831 4.422548476523578
0.11319410277552218 3.89259183732976
0.1710881237332194 4.506758510060469
0.1339842241117859 4.031025001778872
0.031214062821155932 4.918105315563503
0.1579109845959143 3.722710894645061
0.07876668602807907 3.4736818872417023
0.03231140992915629 0.3622361636787926
0.016274583702016062 0.5222175352090144
0.2074299269441356 4.565171335743166
0.0660217297508332 5.856495185538144
0.12652538386523127 4.083619662935163
0.12950171744087105 4.721595227275821
0.1572399928179949 2.5899502902131597
0.06475709742305155 2.698507504193282
0.06310691375764924 2.688795061331755
0.016347458308419677 3.623055039701072
0.14834596286697516 5.137170373355256
0.09993717209155657 0.9431754124400666
0.1060777154767592 5.962811616577537
0.08814982517505557 5.155618037126061
0.1493388023478682 1.643047004392925
0.13297941632294305 4.92643363929162
0.11889507197657401 2.9951839949775416
0.10545314979100974 1.6498546411024515
0.11823505623964703 3.1532601607641135
0.14413978093817456 1.635651966408741
0.12682854023761225 2.3732843560054278
0.04826893735615539 5.693697084066798
0.10500600835106215 2.0371228206806373
0.020431693646938226 1.7938089615211952
0.12015593713679974 1.5304180174946673
0.16226560172702392 1.989798956439571
0.0687921777093278 2.045800785506461
0.07750540760232873 1.2687274288253692
0.11112294934193749 2.757922095201501
0.062113763331769455 1.8088836908669503
0.04480529561634689 1.3139513654818797
0.09668516058421915 1.3080419299380206
0.039724678606567206 3.2838326798478876
0.048482282419720524 1.8438489037446488
0.08101224663443596 1.6051009938647893
0.12730412373048625 2.4176048587650296
0.041759852848498855 5.556744134165934
0.048998330901844016 4.315664422318776
0.13382973810726123 1.6772817274653409
0.1397705057423593 0.8702246443259929
0.04462390793771256 1.1178837692537635
0.054518643978965504 3.0087795011870773
0.11078728641994547 1.0236987256484753
0.08839023880363824 4.136395192138409
0.07775311733815136 0.6061496322947986
0.09695697434422679 2.973944811634541
0.05215997936285372 3.4455468513883023
0.16490502614752758 2.632564885292431
0.022780046224979356 3.8427339684385595
0.20054727978989356 2.681621075614111
0.044567034787720256 0.6345249325661558
0.1026620608526785 3.781815887498516
0.026739932355598243 0.7598874746279327
0.034215285136448226 2.9487724535489876
0.04911183399679754 5.715607619801182
0.14377304928972565 3.036240050608775
0.03200187660275105 1.7593527007957668
0.07922648750475543 2.5585307764559735
0.10168830076562456 5.149740567383806
0.05301849889284423 2.485330669080959
0.05279596856958606 4.640780870688429
0.031897073973479254 0.23795775912679393
0.10525527268367384 6.028860191203525
0.04898122553332687 1.52716840837161
0.05150837791666102 4.890147115561124
0.14475607116775646 4.473809024699735
0.06131384728597361 2.479460327098391
0.09139161214362804 5.033695210130957
0.07702552093959229 3.858998803413983
0.05945176014940558 5.246797853839884
0.09477690103652159 3.6264852995136305
0.09237515150294558 5.441350027173725
0.045904105177111826 4.267707175142459
0.04888213191757381 3.383501667549094
0.09235016280993145 3.543682794739752
0.09883091441841624 4.11019090626204
0.1254094181798458 2.139208036478488
0.07606179813263958 4.943393378214603
0.15293850922991858 3.9688350523451152
0.08173314770275023 4.614678198533885
0.2006799852439494 3.8447320403699794
0.04936951206362044 0.32013012598228474
0.05148283852430623 2.28847948371999
0.027354593959699032 4.8223234865439695
0.0879744201868051 4.524309762115898
0.0846571733127376 4.839278461177604
0.2001447987932918 3.916155502593757
0.10326194103339456 6.182516238498721
0.17458269267475154 2.8380730114539254
0.0616070363853727 5.678930004881953
0.05942149774362467 4.02342264038821
0.06122141637086717 0.6082838721212331
0.12250447070678554 5.2804489620930575
0.0940794533835373 6.004831177890868
0.06570941354847366 3.318352818230768
0.032845721607796245 2.620816418674271
0.13452106890029647 2.6033842833061125
0.12840602001365534 3.542604253905501
0.11080463694405238 1.9279155088884616
0.07612059133108362 3.1985623378619863
0.09716093403674803 0.7338614977568938
0.12354065721432342 1.6136484328334686
0.04777577135950472 0.14424363391141692
0.07769785659371994 2.6433671628349695
0.08283707132812426 1.643970175932876
0.07844201140465679 2.0388271449145896
0.14289148767705376 1.9306305202129235
0.1447224812983473 1.6473781596568586
0.048516423049815356 2.5514608108056303
0.04400308871019372 1.8219139084290388
0.058565830688673756 3.0369175103655714
0.034708525655984215 2.694356191368595
0.11585445822662171 1.8088212875839778
0.07870086188096896 1.575440932730824
0.07768207105136822 0.5970873235844503
0.09003799663574794 2.0501702662191685
0.06664564540815122 1.6498558017841414
0.2222073697739358 2.667801421873491
0.049873337445321 0.6583312832093043
0.11207841216260826 1.6471956231905727
0.03823582141992643 5.610300602659608
0.028451069594937987 0.8385428088101523
0.014321213952705376 1.7476972951578165
0.06968351697409332 1.849604395821523
0.10526271847645048 0.9387126741876448
0.18003943218034463 3.88123463785946
0.10763265969280829 1.0135140316898672
0.12444894264701785 4.590169008274877
0.04713113607040568 6.057040387208524
0.10969466043611904 3.251814294468428
0.02197980033682551 5.189009682837972
0.129488455117804 2.8758226806332883
0.047669930608400336 1.0601880134140877
0.13472222231639472 2.7423360795223797
0.09527058133611666 4.331165630634509
0.136293073309018 4.215799577184962
0.03438762255102305 3.4119444133540027
0.10131702367351841 2.0435504889294243
0.03561431321094111 5.735896100158602
0.1255148193093543 3.450595034770927
0.17514499309070453 4.0677987739166515
0.07754652669644249 3.7826400681720123
0.1522366608477276 5.308681086225184
0.08151380022781685 5.928056399316391
0.02584545137293927 2.31713816709893
0.04765337088951249 5.8395780104533666
0.037563553688861336 2.4774596113482623
0.07245186312446535 2.9644689077384347
0.13085951719750616 4.457583490572606
0.0798366871471935 3.7666898901737778
0.023409245270892765 0.3481423384629466
0.04270493542644263 0.1415998149697127
0.05840201585391355 6.093854672632033
0.06566905966596902 5.482678633537232
0.09277343605190645 2.102577849783007
0.15106203875882285 4.650331019688326
0.15062181746655118 3.238401815990414
0.11735377902538709 0.07451570147402373
0.18668465229781644 2.938054150286787
0.060766246218659635 4.76166488602138
0.15493411423425965 3.795003780030882
0.11952652268623465 6.240871276404856
0.173890283580717 3.745533703596708
0.09200045342873131 1.049235433742626
0.14900274638121488 2.956408105957635
0.0585636729145805 5.768361055765415
0.043947707852078875 2.4884332332638106
0.06615036650535158 4.3951735154389135
0.07255799016729 3.6252700806671663
0.10474957001618415 0.1763334457913467
0.16143017896734796 2.8086269946234688
0.0895580579634722 2.5557065286754783
0.1433194364557287 3.4807506175267213
0.05836486441108917 6.080710516301095
0.04732830863249056 1.4333076923498609
0.012900809593092871 0.12243360829889896
0.14531443458998697 4.500290589185128
0.08299771605859074 5.78587487769154
0.06808645122349835 2.4167536689959763
0.026508479829691647 2.6228597726636296
0.03417967596901773 2.220601970905318
0.08419239927395135 1.62104053815657
0.17934216568318853 0.2842916990482368
0.04617621918459387 5.3721261068370225
0.10916151481285472 2.6994510278137005
0.1603908044193257 2.4582744965628147
0.0556373656550323 1.2774473118375553
0.15139408389000822 3.673128251116147
0.20634734016857514 1.9431154547056413
0.12966596554103993 2.7373562731769012
0.026682044333000466 5.770967458955887
0.09935704033423012 2.300899784674982
0.008387287717815385 3.9003364889225485
0.1395081904752623 2.3593481471778173
0.05199317979755536 0.15078649724139695
0.137371964281455 2.6515839685434006
0.06804180914490547 0.3245110984245539
0.103514835281737 2.717375631210162
0.11199742435677375 0.3140269479290251
0.22472914343956202 2.3282236890622543
0.02474233690943014 0.059244742809071244
0.03785535688466087 1.6672548469739352
0.10010202779627299 1.4326144760298587
0.04389151582453477 0.12220996215096923
0.101928551541073 6.177455671276668
0.03157073441653373 4.215089777066772
0.09308803653639129 1.0342804064174593
0.08518671070356487 3.983413030878166
0.06654656379770446 6.052345418939284
0.14812769707599716 3.940627721669049
0.06732476814968937 4.073778357295693
0.10916638620977923 2.816004030204549
0.04406686409993164 4.580717689683442
0.01808220475166302 1.8142080880975227
0.06954968511749025 3.397202257014743
0.2054395360151222 3.9285885855392806
0.037973606763580144 3.595792590028776
0.15702108011042784 4.28068937313064
0.04735423090789386 3.171427301216483
0.062087089496907104 2.5323563107090057
0.010976031344808358 1.8950800295044743
0.09891076513921915 2.1028929486384746
0.12983803151994974 5.325942899391216
0.14757537382188457 3.222736091445988
0.14181645310917496 5.01558882968827
0.13718060326111114 5.229127227169682
0.13609344845179916 3.814623036958667
0.14650551590985017 0.12433629273985847
0.1137400945416961 2.861371274792055
0.06158752383416899 3.5278142165999666
0.08541166596193718 4.076266613743628
0.054017978537449475 4.832207988270975
0.08777540459031495 3.919567054921118
0.08612501451841936 5.821936736621535
0.02636598484996611 3.425743286437585
0.07843214137743947 5.415762161455573
0.012428569968915282 2.362960417104608
0.011423196252564428 3.2323397116968495
0.1209454168558012 2.5252747558488235
0.03667452878351365 1.3481933319208632
0.14359529044887379 2.915097239960229
0.06198254744307732 1.2451976723057856
0.017290067014278484 3.0274729791516966
0.03884994508262837 5.528908092916093
0.06374247436844183 2.874221551343703
0.11918181876508674 0.6375791594556199
0.1744183403980662 2.9557804289684984
0.04141254541696355 3.647792988314246
0.22819083908126322 2.3286670395124807
0.07627283099537326 0.650836882773137
0.06121848672332552 2.4673409158101802
0.12920856650485193 0.6516758142447174
0.22060853607442146 3.3877311348168564
0.14150734796636893 0.5762299707050963
0.07446946184808474 3.18472528406259
0.015309632276343743 1.9908205508054586
0.07498857392584428 4.050381764467824
0.016446119188624667 5.515744226560099
0.07605648286923783 1.96495551587746
0.014986260633381232 1.9703537042965569
0.05222965910288449 4.4520304621004
0.06639509599540155 2.146227495986073
0.06882534093866373 2.036536560239577
0.07382803375027977 3.769277907467142
0.08544718479594242 0.8948673549714082
0.0726012466657135 4.530962707537341
0.09090171907023238 5.6750665113376595
0.058294051658185846 3.1701843710485877
0.05128667042199881 2.228760273311402
0.11886181302140439 2.364975411069033
0.18182416329835505 1.6438468721919914
0.10327822232390016 3.015376599700304
0.05049875178221522 5.990290353569171
0.14935683432481955 2.745837602752922
0.09566450749480854 5.42462848846373
0.12038052586663092 3.0399185626880434
0.0324542260328989 1.8336314660262423
0.12433900494006817 3.0800956579093888
0.03070928577086626 5.404711103141438
0.21689238232165714 3.538971578378643
0.02218224449805356 5.976415364704948
0.09024007996584565 2.6043506389069884
0.13062185334943172 5.829982141242441
0.07510863763035872 2.3575591239007463
0.08943482067538557 5.614499203855288
0.06492661532865203 4.196735566023191
0.14088235770412164 6.109521528092557
0.049899753723732745 0.5885619295807768
0.09289010501467151 6.133405181971209
0.18534997359668115 2.81370542216271
0.07807283070121276 2.631202622421261
0.12937065336809697 3.3015533544795836
0.024614795416006224 2.44918779049393
0.042681287775631634 4.324379846161773
0.057907788393107125 0.26852373713078886
0.10047130774616167 5.255828745518046
0.05477330235378525 1.0721976036109027
0.12854838613890793 4.307877732504627
0.09393126867568166 3.7818540320833867
0.10413593854809672 4.161910863544453
0.09739604877355383 3.621092006469409
0.058092661988463384 5.444458658859718
0.17088383176916427 3.866367059828267
0.01563208743086995 3.745014976350163
0.06069925668556791 3.659030076265077
0.11260721167943488 2.9353706573501355
0.10450837999249446 4.933219344043658
0.1428968739972093 4.324345283327121
0.18519761891754263 3.393050726284705
0.12040006970363117 6.013908159914032
0.06854240267249921 2.435971664350981
0.11838949974827147 1.4507704972490298
0.1062693215205901 4.949732624672341
0.056224087383294825 0.8561991722101017
0.11828393462148946 4.298454812976541
0.08796570414081542 0.0698407160275411
0.058433323862165036 2.945659775056761
0.05925353548943564 3.888711055377811
0.17092026765774326 2.0221962765395793
0.09802231805697537 5.782214935279097
0.08056728004553353 1.9514023986279996
0.035052940291308995 0.08483804999991826
0.1670530502359866 3.279546709565891
0.05550794566273605 5.564054436736797
0.090771352222575 2.164647194805212
0.16850077890203605 1.4368462890854843
0.05982853914339021 2.6475816577987734
0.06365158284895613 2.9610928596059716
0.16631775501008195 2.2977291314641803
0.028251470140037763 1.592530898211659
0.07226887605609848 1.960884807382997
0.12630687853355413 1.6011764239860606
0.13514325429105334 2.841742465135346
0.0843246447479758 0.6597739631979964
0.09063584337030346 3.620586317159238
0.1308519457463545 1.7064898560997075
0.03578804606836364 2.5386365422131987
0.06513674495130613 1.9103647679190168
0.14795251299518886 2.0193630880713194
0.0737638141149514 0.928481128349964
0.11638864879073534 2.1844432162627103
0.04805437756066913 0.6634584230736218
0.04256717471055751 3.35715276243194
0.11841201011874322 1.0469200088008086
0.013573729848481465 1.5739508337526371
0.07882024699974764 2.94872990017053
0.10225264627706673 1.2588849163898674
0.1911539812084406 4.511751764002161
0.09616781422662778 6.237104389209962
0.05769633055081855 4.045357580735436
0.12937164600139767 4.3289775163822455
0.12854681616100053 2.807951032813705
0.08147340246812566 3.0380626768975154
0.1328259710607036 3.781052802528645
0.12651764751120864 5.87227698332926
0.09394569790364019 3.6266924364150372
0.05277017758931294 0.17961453762770732
0.10775564279419073 3.091977651000393
0.026009861919262488 3.776571781507626
0.16604858416697083 3.5550282577836376
0.013682137547497622 4.878514510975512
0.1755924869263935 3.1528346089877886
0.1272858581802752 6.087229288258262
0.14089197067071038 2.892649519875665
0.10595841078805816 5.006229806843064
0.04080877134534573 1.9867823700033478
0.08576663534904906 4.438890489177437
0.05306735295611867 3.56112836294592
0.11262171202872248 5.916720310259198
0.1560945140707759 4.320628725300874
0.07727108240309297 5.387497015947179
0.13109411882076785 4.654722396361678
0.11658843961841958 4.867515386799245
0.05879613883613104 3.034235868005628
0.06318419968299094 5.515622580612667
0.04407685656324129 3.205188941703112
0.04817314125515495 0.888226565022967
0.05462245191918121 4.9330981880361975
0.10454933351582305 2.070742817786639
0.03580457479231768 3.659597094891597
0.04369090152983121 4.651725772012169
0.14260990478788096 3.2445828467345046
0.15702795959735566 3.708957949795884
0.07740612772814759 5.015922115784106
0.13479089578427164 2.8865994836881423
0.08428246459798068 0.05282758431952793
0.011838513194329645 3.7826510066709513
0.03319549038907947 2.719530620364283
0.05995277274612559 2.52647457423212
0.12164288747745189 5.0893534451772915
0.1330251624559562 3.5721788694291363
0.05598825996084487 0.4668848216205985
0.188446754046902 3.4284814560828694
0.12522725248746785 1.003174477804162
0.0985369362217173 3.1421414431079344
0.055004645217370966 0.7329557358535224
0.08399670576378522 4.889836498357527
0.06735807693338114 4.779517624864117
0.12847262631886489 3.1851311759056196
0.09530631563413913 0.45281383721216234
0.11256045933225142 2.0278318736616123
0.06232225295004778 2.0388438639397912
0.08147414877635407 1.5530039841404835
0.055580071110363775 1.8829581936955102
0.05441761003399885 4.658449104209845
0.048127475829105856 2.5089995208848688
0.052133276797899024 1.4563508598663513
0.06655238619665353 0.27555578563454824
0.19560016299247887 2.1035675842631765
0.0399040304773768 3.533606268841423
0.11826125904081979 2.105902833454686
0.1007237643334421 2.117257636802789
0.1728418687692251 1.9133019309858508
0.13360134583679698 1.4738997452670761
0.12035157166901277 2.178754395459823
0.1142463883643195 1.5975238803488085
0.08044991689186373 2.940205049292683
0.10829481589478097 2.2512219987479347
0.0635944332870075 5.1731399666950795
0.12807623029532766 2.1241743778783975
0.11785423276237149 3.1313871395860766
0.06291835247367485 2.9001267984741053
0.10760691274296905 1.295830447879944
0.09323226925814868 1.244696780254771
0.06750659993611499 5.251801087972722
0.07259047540066378 1.8595901836403763
0.07350950548690681 1.5441118872261235
0.030233024620077834 0.8283141485858322
0.09476602966838064 0.7461470366630868
0.15758205807269937 4.093189651660278
0.09816885599882783 1.6560035103723745
0.06462125722198957 4.414521960707097
0.050382451066587015 6.197266572064162
0.10360680749750184 1.7597106458262275
0.11837261971288279 3.790493590403068
0.13113875660524832 4.094456190320628
0.05032872429202065 0.14419940871243536
0.09671806744774493 4.034786930260205
0.09709131127654527 4.67061586568251
0.17302067506298474 4.594113551492914
0.13241950572395397 4.163405336515863
0.16310017385594006 3.4829690121951677
0.1031913828383898 4.325721738274046
0.16783771859290653 3.229413495368476
0.08061275287021362 4.681426143719078
0.09682989197998484 4.325236360092351
0.06974466060113912 5.618649439738625
0.05632586975283236 4.502754066143758
0.1892461940973624 4.897445917641717
0.0813577833558828 3.4549164885573127
0.03129689081258555 2.434323326473096
0.11889591348688201 3.302551931305192
0.15463769421210197 5.763097242306264
0.1465613196809797 4.26243169422421
0.16347171551664447 4.690657226050433
0.04484975051627024 0.9167015603078786
0.04203651342631514 4.379503103825687
0.09656136852394075 4.224571131865057
0.010916909692589063 0.34846644002389937
0.16286262260571582 5.207510815702664
0.04681685288302325 2.609690500795324
0.03795958935966653 5.128113903294707
0.03124169619829422 2.5666536524270605
0.05110577232631065 1.2816625912708806
0.09477314269463596 3.485807592545885
0.010562149901978821 4.1026460023844145
0.16953708226410918 3.934508516193646
0.041799172545337764 3.3470462140386066
0.13714669616991199 2.2503057027017923
0.05911687385264368 1.2444111070522825
0.1719687642101782 1.7211939500120013
0.11477178053335177 2.6274187928408845
0.16024461399545448 3.606602810222964
0.05880176641797854 4.580798076843451
0.09729142032442842 2.7559495760607824
0.1372495529776995 0.9077782264058777
0.06346484787802878 3.0387319230567407
0.04405702080377522 1.1543979284581278
0.0420502783496557 3.819169648471483
0.1494899134140996 6.2758007091108405
0.025099648059564234 3.2026177600174823
0.1037649443301081 1.084803750336582
0.16020192348236928 2.271833312317973
0.1258821772280265 1.446465031332707
0.08384861402661327 2.7294026291954774
0.03869604968310581 1.526503975370477
0.03267193498913643 2.708539513861029
0.0353061422946986 3.0334638905495304
0.07097156458108951 1.730690608587688
0.04268790908869217 4.642745704513382
0.14470578832639389 1.7910855502459162
0.11455523347613 2.811063474140932
0.12343544936587061 1.3607908471271382
0.16473933764406312 2.5403826907936833
0.06863431958931428 5.296301649887613
0.06900456841051081 1.9372550317939432
0.10753298939694451 2.6067842506528875
0.048890409862208745 1.2732496263531763
0.13154514764775482 1.6498449060077958
0.24439549144357242 2.6231607041043543
0.08661282696169192 0.854333951364203
0.07892083782086567 2.7575620814688513
0.09797317303466786 1.4166441690556617
0.1332980293762082 2.397825129459506
0.05891696391146489 3.89980304320693
0.03207207567720041 1.0902860107000247
0.05839701161846317 0.05764246229765941
0.17472711961247564 0.7861159754278114
0.05002271392845419 5.5368404783762655
0.12514765048117973 3.0134665452138196
0.05570794510667752 3.7899126919386825
0.10255067652724681 3.8303749127791074
0.08897565962091959 1.0601555219562901
0.08097228785451849 4.23934361747644
0.010975105546431668 3.2487605600642904
0.01170020584574184 5.182081327587013
0.0899312355339032 4.619905839026303
0.05309919390270683 5.169231085285552
0.016125125730911245 4.285212206054521
0.15405338955446973 4.0758816316095565
0.05944657076404244 2.3341827224746012
0.14847021992254195 4.448389717112035
0.05167314633934006 4.771501242006177
0.07245286075930357 3.8749680902140575
0.08144427229804004 3.8119110938352687
0.08031671644046111 2.821480946759733
0.11891016655468158 4.540335381261575
0.15946557516232254 4.313237489712027
0.16594088736326437 4.640415215112127
0.13305138394701194 5.005894889652468
0.17960947052318268 4.016186653647102
0.04168549970795911 1.0213628041833371
0.1726520390171111 3.6599771370515923
0.1189598171117013 4.301474457632503
0.08776212044393647 3.890296394849492
0.18724708670304743 4.547524460085722
0.23253295229807738 4.932184322072522
0.08453891794478453 0.33737804099359686
0.05936608786256049 5.790299833076348
0.08708338636657625 5.483662876834282
0.08729605184256496 1.2629716584019475
0.09957523577000911 3.799585992620577
0.059711953488639335 4.460510524278756
0.07727689909864606 2.442852403282879
0.06528364516137199 4.230305233966766
0.026276233895608122 1.6236719112933153
0.0415857982296385 3.372996070469307
0.08534269767653396 4.08882018028317
0.1253282303518466 2.9781614581977447
0.05399838816089067 3.8494468794925365
0.19672095020034336 1.917870021376259
0.06317316626204506 5.711001551256748
0.14761816246085604 2.126912311303532
0.169755888535706 0.8569545490422767
0.04123226292200057 3.8144534456671035
0.1331056125162285 2.372306375330355
0.13598931985065557 3.133610854300646
0.0847555002920547 1.4012354754350114
0.07071521882765888 3.0638844559196583
0.1465513402855977 1.749260582523432
0.02112722519486984 0.15489809616495948
0.022569057134478022 2.0708533110031047
0.0755286681900622 1.6143051448896208
0.10639315842123565 1.226382801414009
0.1444289698790131 2.8496783177273137
0.11821595841462199 1.142699210167964
0.11906191083205805 2.1008259699867584
0.05928533523022298 1.7216559120704589
0.14121276734295468 0.5029206701948793
0.12303723668188515 3.590918223090391
0.07326983115520158 1.8284245524098082
0.06859039928526434 5.3599152142229745
0.14093983592979653 1.576437476663563
0.16907623120832346 2.4826957821302584
0.06567331074238882 1.2380434786515568
0.2047150242671936 2.544150605912865
0.07858535852679972 1.6167388480064921
0.03931210977128499 0.3832402993666553
0.0760275637344574 5.381457887032716
0.08997913512802705 3.0581367190707356
0.08530723978034344 3.011956289250733
0.052107817637476773 4.666521907271266
0.1467506979090846 1.2020992974756644
0.1663419348821516 2.5478633342624186
0.15747995147143887 4.746549962674836
0.15511680414665666 2.9705933920523204
0.04197581458330225 3.854497738279395
0.11227081943820832 3.1256817070989116
0.08001804717642211 0.6573116985661883
0.07596486974718077 3.321007420665437
0.0722632165126751 0.5250484946879422
0.10092776321882405 2.2593485077139097
0.06517621126522417 5.09221955804654
0.10989540151307674 2.574841988380283
0.07620544157205801 1.292956474638233
0.06663020159367947 5.485635828300659
0.03726488609085895 0.16332062846360007
0.00840510014227767 5.799585415661355
0.10488708225802931 5.444159817828183
0.12076650290179104 4.941144712518788
0.03543379630786186 4.595334759532702
0.11980780522500462 5.4892330766721775
0.16522107915526166 3.3264881069331405
0.1747717754650184 4.481302493264124
0.16855188939457366 3.4761959892802143
0.07789520130566746 5.333412953420676
0.1340751236329381 4.149225938303692
0.10497076872124717 2.584759334773259
0.10200780151262491 3.362198837996306
0.1024630886271064 4.4696545503135106
0.017230548217739013 4.75303159859045
0.13047451559697776 4.502957798737004
0.14408585529369297 3.918935836298251
0.10819815952419787 5.40958231053239
0.17203428700850099 3.2982210114089123
0.037142158298998765 1.3159933480819253
0.1380027933049835 4.36681745718376
0.0680026038366881 3.9987401196988075
0.1894130791970868 4.541053876061477
0.16839001145650034 6.0989072219504665
0.03853108935641482 5.304430204247651
0.13943819775715305 0.02395257690988738
0.13889309728670846 3.4753995479836925
0.10726748612323161 3.73922060403872
0.049031494197364724 2.9925962855648955
0.11531990148903062 4.6489176742421705
0.08720059240224459 3.5145009072277547
0.06509260162520417 0.14475495480240436
0.06736652666062547 1.67296350293362
0.07860015768874434 4.170894097125656
0.055734157121489436 2.301634566697387
0.06774950957374785 3.0543830796787925
0.0638621753810478 1.9417638220064444
0.013164289586444876 4.678379390891191
0.024061414331324128 4.55375052399956
0.20126348225469046 2.268789377328393
0.05997642552790037 4.1799354640057675
0.16304521193003008 1.9477678949284503
0.12086120097884637 1.856860764715491
0.08297870248001551 2.2396716944045463
0.15101056485827904 1.8408299528484957
0.04600919578704353 1.9002733053790317
0.1504992915037485 2.060190384831763
0.1607778559265395 1.487419257530292
0.1633993053929589 1.3156242134114238
0.14393350346109807 2.2645766508225806
0.09996792102024361 4.305851485685877
0.11448824231231423 0.8619264690205677
0.07800707547916942 1.8942428328751515
0.1039059103748014 3.2773448314230746
0.044845181301597314 6.028912748359866
0.029231579740015157 4.193382379549838
0.09639376038709037 6.26366577376771
0.05788358892753116 3.437022977373607
0.09239409633715044 1.7961940158689462
0.1476793793976717 2.652637333998023
0.1697854935841515 0.9200523945542612
0.13162555250397373 1.2614967395184329
0.04911613528790783 0.6496003483551798
0.12411085949439543 3.705471346688858
0.11041011645021273 4.168881989621805
0.09182408947828707 3.231947901418088
0.10406518817279883 1.9416468086153817
0.16012412527171593 3.2300858281045985
0.14132356837238624 1.8644733868153973
0.1564576701261752 3.0366370392431556
0.12480784973904695 5.961509292183883
0.13843028860223386 3.436006809413276
0.09719063433851573 4.7154289792811195
0.07813168713530314 2.280053048147203
0.09045563892900811 4.440696144266526
0.11866242471479137 5.494705327426549
0.00804305308228068 4.382112277083462
0.11295128374610887 4.036055990220168
0.15882574666165492 5.363392394820424
0.0837959717472987 2.9936790566471556
0.13253990125453607 4.790133828944126
0.06757289004977561 2.1696650489131954
0.13985727572072057 3.3644615886275027
0.05302946141674649 5.948654081260276
0.16576873221303967 0.5593107276824567
0.08115809933645671 3.942621249776162
0.034171654136357796 5.204472705688647
0.11167897467033525 5.3584004803012135
0.1402730526703337 2.307679536792777
0.08856442370176647 3.508280147986361
0.15112710123648462 4.0344449992912415
0.09118231366778574 5.682404880451861
0.09037082538255642 3.027299967587873
