325.09078386581655 5.402829933928573
120.94918646758684 2.0047624134871826
52.877148028688566 2.1631370446911604
60.04830529547369 3.1333861523265507
20.959646306201844 4.554719953451846
7.485265666138619 1.531466102033747
27.23645352680849 0.373122348230844
24.113701101435282 2.7090385249803144
13.825734324167078 2.2755038787438533
10.847355176056647 5.616767385067309
5.808513072629114 4.08506090051781
4.416966399610211 4.989908140817227
10.476812437006199 1.9325800846783554
7.640339621776434 5.361703054129088
4.773014690725999 0.6990341324666629
5.7587674459911025 2.746000002560049
3.661140979637716 0.7762285868201628
3.0036555625552386 2.9129237845234375
6.149706709386191 3.0528568797235693
2.982212047901405 3.651122037745958
1.7947209108676325 3.9863215296651764
2.7069841164550352 0.6489705149332002
1.643256800051746 6.03890253553422
0.34690750415033994 5.233208405930553
1.671078998900274 0.3058169136563651
2.7970373226686207 4.9610533077870125
1.0631243651663431 2.6168754587749463
0.9385813340548478 3.6354625843668074
0.9266066840597088 4.111298613166949
1.729210473259414 0.22616798093946297
0.5948038249791924 1.154578973784809
1.7433773133196797 4.371318914183249
0.4059435723438617 2.4706588336761635
1.1203712317239 4.732732342368964
0.5965113119906869 5.060983850256037
0.5876532068460657 4.50546625116456
0.3146574597530876 2.4007663802510635
1.0343102794388597 2.8630236874569723
0.7734242690074625 3.4758736846510705
0.9159311157410635 3.9463652581447106
0.10448141559246778 4.977714452284144
0.46463228313168986 0.7475876899319971
0.35788089545690693 0.5096019044542733
0.3774770549181189 5.9022137610880705
0.6372734751315563 2.99534880062911
0.11145370059876389 5.64065369930656
0.6159132535996468 3.7677718638727713
0.5256547786643812 5.563506408762077
1.039238472130785 3.721810925479963
0.3923736471987711 4.194226455042842
0.06675171254855974 3.3559562555646405
0.5262622410134479 3.9658248976423005
0.39258098045924994 0.5536841903964356
0.4400739674594054 5.957800688416873
0.190791203034304 3.6727008452993783
0.3297446315660387 5.921703960704511
0.2811335771095986 3.57584632182036
0.45927648103716806 4.0570679364634525
0.462568669476184 3.642558762877597
0.3523975112249997 3.240683516392781
0.25487405916655653 0.35656258834862214
0.1849680863508379 4.4418126394962165
0.4211500456848405 2.70904722422691
0.07925080711495723 4.352178642324194
0.20359497610589733 2.559148744534457
0.14446609678212613 5.599761643685383
0.42658716818226144 2.211143206684017
0.12437154978326721 4.209102322814912
0.5460175471357804 4.4326204261832105
0.12666124819296243 3.1181815883318946
0.1557688909211445 1.6209809845410657
0.12423236113994625 0.34585992613041366
0.3035227656218003 4.764265003447912
0.266700670813376 0.517610049731426
0.2380817951032265 0.27102298117023704
0.1666203765286983 1.8601609217986428
0.03668519703819569 5.344731457543013
0.3600304409109433 4.484243188784131
0.33674974542112085 2.0127448899816467
0.11968277038533616 6.119676840993711
0.07977244989805714 6.1636304497227306
0.08561150838784946 3.4840620969590628
0.09773081885598188 6.261879017362071
0.056680002875470224 4.839115613754183
0.1205832052303739 2.8166906777058522
0.1274898223832979 1.4273827817523883
0.08008379228675834 5.982055212957973
0.12295582116784524 5.081364496050898
0.25976001349511035 4.815307414591069
0.33189980230451455 1.9449791442807451
0.14230761064376263 4.900810806589242
0.09744823138988376 1.5607669316246235
0.15458455140722416 2.94483082519391
0.170402557872359 2.4336478467230367
0.3856603787313737 5.778971427924589
0.10058936748345496 4.021381660240195
0.13121982341548968 6.239678124450965
0.1623860391780549 3.413942663715651
0.1315506346115012 4.705560600957959
0.3251122912710619 1.3840954551422568
0.0712707139131078 0.3823958805470068
0.11328926953561348 1.381435363510319
0.10852315812710911 3.5095275715870717
0.03665271386010597 0.9180489942893538
0.09912525064952098 1.204719342627533
0.24465524228038754 2.576357691759138
0.13378894387930282 2.6015739867013363
0.05608450580655036 2.803428055630162
0.3949252453139025 4.618467173067761
0.06967862722999249 2.9682220846881
0.19830612017432947 4.20783904617878
0.09627268965679908 1.6380120526752067
0.20016615289518438 2.612139050809512
0.25121956268284074 3.960255242736014
0.11182508622846753 5.8652301346173426
0.14766814824250413 3.3027174709056766
0.20529780775637715 3.5828568827468548
0.1827028874663274 3.079443786849271
0.02294555132225757 0.5495837133956676
0.4122718873042009 2.5778213190449186
0.08215525901830067 3.813014482474428
0.09693296531249963 4.977228888874943
0.1549471816291963 1.2343109966327592
0.10827947141899577 1.5359131226802982
0.017243756696313776 1.3395926618997542
0.10590366738054292 1.6129444097534953
0.14945478039023652 2.3747071246725233
0.22039271827518084 4.484508782431731
0.1320446546070263 3.373993389812215
0.23685528841135775 3.1105976249073164
0.43092470143863204 2.4962695221880407
0.24767708347182957 0.2122016398524852
0.23269414231442886 2.029513387478772
0.20257170231678664 3.9192544444884683
0.14765827575920706 5.4258676374948465
0.23111482849098958 4.837314852536286
0.1965128640312089 1.714853722254546
0.13602040973938373 3.538163757872015
0.08682173333015933 2.684914738133199
0.1927832125998185 4.554545472433387
0.13088955967230229 5.223928155869624
0.1606674773098486 5.509530666726786
0.18558025539304226 2.3121150261236347
0.2612722361543938 1.8950858985625196
0.08519993665608336 0.23741527184416614
0.10254188748604548 2.1743563275936166
0.20901982739526015 1.0996687900899251
0.15301630539081582 5.091457211763018
0.2435213702184956 0.6817155643435756
0.04296162787191701 4.014620776187741
0.4011567267372858 1.502193337485642
0.18010775760087988 0.1250667718274647
0.12383892866257282 1.4797470841227491
0.08646922482717757 6.258425452833383
0.2469819986282929 4.303045745136349
0.2481178095740946 0.18290261485973666
0.15595513038114336 1.8942443797817825
0.26080185933746064 0.1853180339824978
0.135607200929653 0.3312432144080997
0.15363044703790094 4.203416711566155
0.10539109107838873 5.380073565744993
0.2412730726376117 0.5055839328974453
0.09419188607796745 3.867679624666349
0.23142861305559972 2.9746456560794265
0.1264712054196508 6.195148058145307
0.11193718416220054 3.8942336756275964
0.20601489256868208 6.175268626132954
0.15490153142487137 0.12001570891102671
0.2109305677985702 5.079021565426539
0.3167700572380643 1.4575548504383857
0.2579251086836689 0.6213559975726307
0.29815004178823523 1.0944847670512863
0.04520710750807159 5.233453134019278
0.07690194767441699 4.048887707395622
0.09127341255390631 2.522686366204034
0.2866962923700117 1.1618619658346931
0.030262371426522834 1.9277799169552716
0.11978561232105613 1.478750013044009
0.1392635923677753 4.424093241197615
0.12227066519034621 1.7515320912906247
0.3234883860647209 4.822966927002303
0.0914817589114743 0.6350645486976301
0.19330744555997587 2.5551296540392445
0.1301670347329402 2.7695908532918034
0.1543181954186405 3.391336031084831
0.12313955000067027 6.21978746493254
0.16372985530737558 5.246954157988683
0.1162888331558888 3.762702435928932
0.18649513916491553 3.961038830923356
0.41924642660643807 2.276146793958314
0.07809457927946224 0.15934196094815006
0.15503077325973927 2.354074315846741
0.25795068761115864 4.43505186368441
0.11783727782695401 5.312852887066566
0.04275674091053436 5.678706344340013
0.10512378587983687 2.879810345994154
0.1515920811981767 1.131073839994749
0.1704285738419537 2.5146344273315733
0.3917685399088424 3.3288595977346644
0.14463169138092558 2.9308057981777362
0.17634826904154408 1.644752152845471
0.328280996379784 2.0176482699919442
0.3183095715437714 2.2203252666787634
0.2018292430144191 4.853076638224351
0.08672683354167451 0.04193449587239317
0.1131049366461697 0.15317169814662157
0.18892561658929868 4.096372954243602
0.23632383155914202 4.6295307747334675
0.2530448081681845 2.965723855919178
0.04891932462355962 3.8686677220972574
0.09770348225176877 1.247587036976403
0.15978737025583192 4.656854387681661
0.2081399214241897 3.333309529726058
0.07100345126211124 3.9286037867862147
0.05615223907174804 1.823182224072588
0.29538948009719523 2.44015059319563
0.20551170560092685 0.36935787039678836
0.4014250690889568 4.759974079713553
0.1620429484763828 1.117430115437825
0.12402162979434601 3.950501315512831
0.3295795127425521 1.4142296471765392
0.12686654364521194 1.6165855492655745
0.22519810451788339 1.2556423546040518
0.1220141211944727 5.2255839337781715
0.07113594669316264 4.625448172324033
0.24387249628420593 0.3766391892005327
0.038037167948657705 3.4134125316027815
0.11358439074102655 5.820140785207197
0.3132378548086648 1.9712465023127879
0.16515531585274712 0.20161762297323804
0.2306466639848419 0.3499434211061701
0.16855477466322474 5.557607398171108
0.08975605533627305 1.4056024876215971
0.11433887459151085 4.420082505988521
0.09288764655771448 6.169355948339882
0.11783674511400863 3.652654598731197
0.15044991790151413 0.7679892271788143
0.27644713813657046 5.635570720733518
0.18939912343795012 4.240207751715991
0.2977514009517308 0.1913192033311451
0.37256118199356614 6.150277545553429
0.1515690476202016 2.1074958565657496
0.25613860665460947 1.2803727976368753
0.01542941281132197 2.327381078911005
0.18697214821356373 5.488096372693574
0.181492083239887 1.8973083655554337
0.10204848529709085 1.3180811757746598
0.08697112682309009 0.5249974231487353
0.21595764450870705 6.106623938776634
0.16951968507199713 1.5915385379519804
0.1412617267737132 4.173274012136478
0.2821613956281201 0.8301554705143321
0.07850302051060068 1.2424710588933605
0.10123513410407468 1.0283179798841506
0.12094953147930454 0.6730255128002888
0.07814706175635336 5.966244031994674
0.1336595269802587 1.988395546396865
0.27341147586976794 0.187547177482943
0.2942796514771919 4.107454870878782
0.3103056940236435 2.801794663645517
0.20114155325315544 4.845130141372063
0.13270202148084867 2.1493238590471475
0.17243278403928322 4.693941255716824
0.1201500900541254 5.2694018092499455
0.17245768900399058 4.988171559789269
0.1355879712604504 2.6097068738979607
0.12954031768150212 1.6916576103595937
0.311631690623536 2.501069622105488
0.04524034725749781 4.222727274113113
0.22503727903848467 2.6061389053105053
0.25751391664144024 3.8296931868060593
0.1930389095999358 1.8373688077032113
0.39555451829755944 1.4526075412061972
0.24394514828317668 2.5730999140509514
0.06822515653165194 5.372427948646178
0.14819779083425566 0.3755021621805142
0.08409680075104425 3.766562296631326
0.24286895887907958 6.082959726602563
0.27938682518052144 3.347245666779795
0.37516957232682036 3.104803862338464
0.23864634925201758 2.848955603845777
0.15144838110934905 4.438548756315176
0.2821344813842289 2.5256239666343725
0.08418849502742352 1.600854217653277
0.2319075878206567 3.9744826982329085
0.17115372864042383 3.4325517781578196
0.22045991794408396 1.1253822088924779
0.19881599360268748 2.984313606834365
0.03967707434876896 4.231607828986574
0.39039987058882875 4.300307057390085
0.13048679295433818 2.372648299543973
0.035031676455476266 0.8437507207299915
0.1181965150870529 1.2277341706129505
0.08257080488999602 3.666943564035526
0.0613470695798891 5.866265177461374
0.04650943134894228 2.392985307329014
0.22751619630115522 2.3026508430346757
0.24327488062841354 1.2411793487332792
0.18854733638431018 2.1461933456326654
0.13444703985422043 3.8044392368949254
0.33124668513239175 0.7987364646320801
0.17969145765039843 5.4770323449708265
0.26605475205913454 1.7849369737158918
0.13480409340412153 4.711323725064569
0.11131438977428454 2.6171483720794964
0.0785727984098118 3.701029744725648
0.04903061681499469 1.8911120976258424
0.2843162336304017 6.239421105508485
0.12129983555957538 3.1114584810108115
0.2599320894464067 5.902307509181999
0.04413887184529716 6.202471678205225
0.04799653287310646 0.40765314546537973
0.31959544184390554 6.163307293505605
0.181404678336165 4.106323474430949
0.07858547300168589 5.153739036770748
0.08105173766661966 1.965823501775082
0.13732937075249887 0.8503487045368405
0.11731655029288873 0.6761075271728338
0.2184659939528161 0.6457475342163758
0.12984089112321234 2.7468213007085702
0.21533608762545942 6.122985079001384
0.3883718477346237 0.6747903426798992
0.09331882325046545 4.818083644602765
0.12725167855659028 0.21374978588630217
0.260288366668098 1.272701982492767
0.04278998635111456 0.09100200484181697
0.2623265050847452 0.4897856391179606
0.2629492171548977 0.8706990204917163
0.4059181305816023 3.2250787520062145
0.31655081101493904 0.5858046249241545
0.35851971756217393 5.272362737576262
0.22921909118263 2.655866115219351
0.20204298673950552 5.163993914223183
0.1856219617373995 5.256921901194499
0.21036276039569893 4.587499494713834
0.22513741093681133 0.85278036616262
0.030106558579874185 1.736618257497057
0.10690621529641138 1.6692512981899923
0.05377554334467897 0.1541881247244662
0.1744340638245675 2.382725071473739
0.1529221461721182 5.6261851897365664
0.2352865586091247 2.3905747061437808
0.11201133832381797 4.186527992653223
0.03267983190504994 1.595057527577365
0.12111687291660235 6.187968145104462
0.1763175670898258 1.957917733208215
0.26286831602651106 5.488148175809768
0.2382044148231698 0.6171542544772127
0.32242302629303365 3.0083449080898106
0.14761508591538205 2.680915526260212
0.16811748986506597 2.5589489844982816
0.36599882703352915 2.412965930582667
0.1362422652528064 3.1894109657574874
0.1417576872652393 6.154317643363369
0.12915369417652067 2.741981663429054
0.15675247228082692 2.0555773158546393
0.04563212402939252 4.602907333607939
0.10204117903142554 3.6628325864831517
0.1288788121595881 3.6558409044639477
0.20008173731670192 4.989752076860469
0.05480095538747693 3.641998858350423
0.09049464907790968 3.704653122277981
0.11016403840252212 2.5458910399772092
0.30709803576739336 4.568781964178113
0.036125638347882676 4.989905813311237
0.3592655423137479 2.4271332381581816
0.16580122531310598 4.202594233091846
0.13031241070176755 2.2107836102949228
0.3753859061329084 1.9916927695446895
0.17176584358149563 3.2574665556916065
0.2598273191300072 0.5794282193154606
0.20549841875545855 4.4383859768829526
0.3973612435929174 1.2800704203902258
0.06469189561850043 5.991127333637078
0.28042468183760183 2.996981977487083
0.10792356895732193 2.1358934130183225
0.0441589251608753 1.805953851650068
0.2227923502333641 5.201340145037758
0.1167988301737558 2.0745493691472556
0.2986506802714206 6.213195483727626
0.23755186367896142 2.3453294646909844
0.09691813044176004 6.241819831597132
0.18733103474528154 0.7915700949449819
0.25875400854036595 4.841820210022023
0.20307644975375816 5.817148425542426
0.3492615532791068 3.970443975686667
0.12082318338525481 1.7598913362902808
0.11945978002426469 1.6121181280670738
0.23238443324946131 1.9281279905302513
0.2105405235472143 4.752773271521419
0.2890058783704703 6.0868146314860105
0.17870403311708358 0.37892991214661514
0.18953399124092182 0.7509747501120098
0.22592711310391642 0.1592742563461916
0.07337644050081654 0.8077202487448203
0.16460505584032112 3.067836234807747
0.2638278350755963 0.9491561096403063
0.10923660795821419 0.7689205173763056
0.1842312388801205 0.5694899464062378
0.2568251260607814 0.6244223772479977
0.1270851511006085 4.15041700183192
0.12072586436697545 0.7147416213580142
0.14623791574679557 0.5981926153751568
0.14793098832092916 5.813256603274735
0.15224387992672767 4.439898048992824
0.11825715512822378 0.8645553973904018
0.1523973781171735 1.7472993326463386
0.3506116429144034 0.249080394035282
0.199550442232505 0.40687402211250423
0.3264042308117589 3.6259585779401746
0.1819145850569988 4.115019911530659
0.1746747189906151 1.063264772228912
0.16744723092048333 5.249872602733282
0.13291792434605434 2.1157149475000177
0.2093225746651505 4.778728186314257
0.057189284257883236 4.766622650288312
0.31799051229531167 5.635933983275424
0.27311580209991543 1.4642430552174326
0.08357568117841468 1.2426772050323691
0.303903577200681 2.1620900320103162
0.1647515086612365 3.4364763492400554
0.17586408624020705 2.477904114612536
0.18040934356661883 1.3419070280676875
0.1662081749571056 1.385562583726762
0.20058697701258066 3.2867508620999173
0.18779424569380138 1.3003718295955788
0.1366829523485772 1.3013306504967315
0.2250104081664651 1.721397143216918
0.20945752311815583 4.3238999538426395
0.2704417254728839 4.679984553847696
0.2882962169695592 4.392556065454608
0.04218248185175143 5.110320311248464
0.37183991553398793 2.399429525460279
0.14803094339743592 2.418548826930786
0.31118886351845193 3.7689174653755617
0.22433928392394425 3.1593831976397793
0.23103197968019845 4.52881726057255
0.28472004793954525 1.8038448552408286
0.06281058781698311 1.3320658298027048
0.39345696489468235 3.2220259504511115
0.18266915362733355 1.5258227774740356
0.2010797446605351 3.9633302137724513
0.15531029596650267 0.28713777866865814
0.11263632267206877 5.649546031266235
0.2559087294199417 2.893011128794089
0.1232621575225234 2.051356617338143
0.1480775610946915 2.226079181544341
0.16509747230684774 2.143593745380796
0.1244642980690336 2.9824281412818427
0.18474275563815473 4.287867476001315
0.201629151347895 1.6967198347373034
0.2538675075025826 1.0318812273729472
0.17557476948332376 2.0105901370484736
0.14798026568593473 4.97663504162837
0.15218220338320157 2.134358536578226
0.319177841471709 4.1922672909154635
0.1462631894516108 3.767459235059504
0.10378293623477983 2.8878135761792567
0.323319588945991 2.1091982191760685
0.15343642903215635 5.649017903245425
0.18125147420702636 5.506602305268758
0.18203688423736658 5.497081137993247
0.22757199647396162 0.0881284736294293
0.11716845761511195 5.53186888922198
0.18035415432854116 2.5142806507680415
0.11055557982250937 2.1542232294105044
0.29117043953282007 0.06430713210029905
0.2083075134105684 4.477322841905358
0.22112138942384604 1.1180432314027438
0.09153536717665522 1.3703840060558443
0.2533658311412891 0.6900264386500885
0.1890444883308058 1.5634741608801617
0.07660044630169534 0.9279030807772622
0.2293935721566263 0.27975419345250674
0.13386604760288628 3.4664136810751867
0.2467053981836792 5.9567358673520845
0.1904174530218903 1.0107451854292595
0.20172699425902935 0.7863907661443987
0.32788990358487247 1.5169209216762052
0.24002336020565115 5.627908242572897
0.257989994079115 5.64666101514625
0.1432775887004071 1.8218285779714067
0.3775703858617893 4.532777539427974
0.203936584624949 0.1358910389911644
0.08409421919759134 6.2013659047531045
0.03783793931205463 6.030059092773864
0.3270501055948582 5.613401627707934
0.09060657006890781 5.7233727644695405
0.04287992891815906 4.922385823820831
0.28048372637569635 0.9658893324432142
0.21691715979299414 0.4155259901620106
0.38919057746602004 2.604795642849828
0.14963751301493694 0.9215030263878526
0.05391822669878861 0.38720366021169567
0.0654073905945097 4.120731726328437
0.25878759151296366 1.4215693111916858
0.125727946241526 5.192640801401169
0.24153608179590502 1.0318338643391336
0.1368702313420044 0.29538232928493113
0.1445378999194425 5.8672717296942665
0.26778450543904225 4.603893641553684
